{
 "cells": [
  {
   "cell_type": "code",
   "execution_count": 1,
   "metadata": {},
   "outputs": [],
   "source": [
    "import psycopg2\n",
    "import time"
   ]
  },
  {
   "cell_type": "code",
   "execution_count": 2,
   "metadata": {},
   "outputs": [],
   "source": [
    "# establish a connection to the PostgreSQL database\n",
    "conn = psycopg2.connect(\n",
    "    dbname = \"dw_cs\", \n",
    "    user = \"postgres\", \n",
    "    host= '172.31.160.1',\n",
    "    password = \"test31415\",\n",
    "    port = 5432\n",
    ")"
   ]
  },
  {
   "cell_type": "code",
   "execution_count": 3,
   "metadata": {},
   "outputs": [],
   "source": [
    "# function to check the indexes on a table\n",
    "\n",
    "def check_indexes(table_name):\n",
    "\n",
    "    with conn.cursor() as cur:\n",
    "        query = f\"\"\"\n",
    "        SELECT\n",
    "            indexname,\n",
    "            indexdef\n",
    "        FROM\n",
    "            pg_indexes\n",
    "        WHERE\n",
    "            tablename = '{table_name}';\n",
    "        \"\"\"\n",
    "\n",
    "        cur.execute(query)      \n",
    "        \n",
    "        indexes = cur.fetchall()\n",
    "        \n",
    "        for index in indexes:\n",
    "            print(f\"Index Name: {index[0]}\")\n",
    "            print(f\"Index Definition: {index[1]}\\n\")\n",
    "\n",
    "\n",
    "# function to explain-analyze a query\n",
    "\n",
    "def explain_analyze(query, analyze = True):\n",
    "    conn.rollback()\n",
    "    with conn.cursor() as cur:\n",
    "        if analyze:\n",
    "            cur.execute(f\"EXPLAIN ANALYZE {query}\")\n",
    "        else:\n",
    "            cur.execute(f\"EXPLAIN {query}\")\n",
    "        explain = cur.fetchall()\n",
    "\n",
    "        for line in explain:\n",
    "            print(line[0])"
   ]
  },
  {
   "cell_type": "code",
   "execution_count": 7,
   "metadata": {},
   "outputs": [
    {
     "name": "stdout",
     "output_type": "stream",
     "text": [
      "Index Name: nation_pkey\n",
      "Index Definition: CREATE UNIQUE INDEX nation_pkey ON public.nation USING btree (n_nationkey)\n",
      "\n",
      "Index Name: part_pkey\n",
      "Index Definition: CREATE UNIQUE INDEX part_pkey ON public.part USING btree (p_partkey)\n",
      "\n",
      "Index Name: supplier_pkey\n",
      "Index Definition: CREATE UNIQUE INDEX supplier_pkey ON public.supplier USING btree (s_suppkey)\n",
      "\n",
      "Index Name: customer_pkey\n",
      "Index Definition: CREATE UNIQUE INDEX customer_pkey ON public.customer USING btree (c_custkey)\n",
      "\n",
      "Index Name: region_pkey\n",
      "Index Definition: CREATE UNIQUE INDEX region_pkey ON public.region USING btree (r_regionkey)\n",
      "\n",
      "Index Name: partsupp_pkey\n",
      "Index Definition: CREATE UNIQUE INDEX partsupp_pkey ON public.partsupp USING btree (ps_partkey, ps_suppkey)\n",
      "\n"
     ]
    }
   ],
   "source": [
    "a = ['nation', 'part', 'supplier', 'customer', 'lineitem', 'region', 'partsupp', 'orders']\n",
    "\n",
    "conn.rollback()\n",
    "for table in a:\n",
    "    check_indexes(table)"
   ]
  },
  {
   "cell_type": "code",
   "execution_count": 8,
   "metadata": {},
   "outputs": [
    {
     "name": "stdout",
     "output_type": "stream",
     "text": [
      "Database size: 12510.64 MB\n",
      "Database size: 12.22 GB \n",
      "\n"
     ]
    }
   ],
   "source": [
    "conn.rollback()\n",
    "with conn.cursor() as cur:\n",
    "\n",
    "    cur.execute(\"SELECT pg_database_size('dw_cs');\")\n",
    "    all_rows = cur.fetchall()\n",
    "    print(f\"Database size: {all_rows[0][0] / (1024**2):.2f} MB\")\n",
    "    print(f\"Database size: {all_rows[0][0] / (1024**3):.2f} GB \\n\")"
   ]
  },
  {
   "cell_type": "markdown",
   "metadata": {},
   "source": [
    "## Query 1"
   ]
  },
  {
   "cell_type": "code",
   "execution_count": 4,
   "metadata": {},
   "outputs": [],
   "source": [
    "query_1 = \"\"\"\n",
    "SELECT\n",
    "    l_returnflag,\n",
    "    l_linestatus,\n",
    "    SUM(l_quantity) AS sum_qty,\n",
    "    SUM(l_extendedprice) AS sum_base_price,\n",
    "    SUM(l_extendedprice * (1 - l_discount)) AS sum_disc_price,\n",
    "    SUM(l_extendedprice * (1 - l_discount) * (1 + l_tax)) AS sum_charge,\n",
    "    AVG(l_quantity) AS avg_qty,\n",
    "    AVG(l_extendedprice) AS avg_price,\n",
    "    AVG(l_discount) AS avg_disc,\n",
    "    COUNT(*) AS count_order\n",
    "FROM\n",
    "    lineitem\n",
    "WHERE\n",
    "    l_shipdate <= DATE '1998-12-01' - INTERVAL '90' DAY\n",
    "GROUP BY\n",
    "    l_returnflag,\n",
    "    l_linestatus\n",
    "ORDER BY\n",
    "    l_returnflag,\n",
    "    l_linestatus;\n",
    "\"\"\""
   ]
  },
  {
   "cell_type": "code",
   "execution_count": 6,
   "metadata": {},
   "outputs": [
    {
     "name": "stdout",
     "output_type": "stream",
     "text": [
      "Finalize GroupAggregate  (cost=2285091.92..2286484.01 rows=40000 width=236) (actual time=113951.273..113967.152 rows=4 loops=1)\n",
      "  Group Key: lineitem_67.l_returnflag, lineitem_67.l_linestatus\n",
      "  ->  Gather Merge  (cost=2285091.92..2285320.37 rows=1958 width=236) (actual time=113950.178..113966.065 rows=45 loops=1)\n",
      "        Workers Planned: 2\n",
      "        Workers Launched: 2\n",
      "        ->  Sort  (cost=2284091.90..2284094.35 rows=979 width=236) (actual time=113830.712..113830.894 rows=15 loops=3)\n",
      "              Sort Key: lineitem_67.l_returnflag, lineitem_67.l_linestatus\n",
      "              Sort Method: quicksort  Memory: 35kB\n",
      "              Worker 0:  Sort Method: quicksort  Memory: 31kB\n",
      "              Worker 1:  Sort Method: quicksort  Memory: 31kB\n",
      "              ->  Parallel Append  (cost=88465.10..2284043.27 rows=979 width=236) (actual time=6492.443..113829.350 rows=15 loops=3)\n",
      "                    ->  Partial HashAggregate  (cost=88635.63..88635.66 rows=1 width=236) (actual time=9076.098..9076.101 rows=1 loops=1)\n",
      "                          Group Key: lineitem_67.l_returnflag, lineitem_67.l_linestatus\n",
      "                          Worker 1:  Batches: 1  Memory Usage: 24kB\n",
      "                          ->  Parallel Seq Scan on lineitem_m7_m9_y1997_n lineitem_67  (cost=0.00..55194.32 rows=955466 width=25) (actual time=0.638..2021.817 rows=2307700 loops=1)\n",
      "                                Filter: (l_shipdate <= '1998-09-02 00:00:00'::timestamp without time zone)\n",
      "                    ->  Partial HashAggregate  (cost=88465.10..88465.12 rows=1 width=236) (actual time=9012.204..9012.210 rows=1 loops=1)\n",
      "                          Group Key: lineitem_46.l_returnflag, lineitem_46.l_linestatus\n",
      "                          Worker 0:  Batches: 1  Memory Usage: 24kB\n",
      "                          ->  Parallel Seq Scan on lineitem_m10_m12_y1995_n lineitem_46  (cost=0.00..55007.97 rows=955918 width=25) (actual time=0.529..1984.992 rows=2296820 loops=1)\n",
      "                                Filter: (l_shipdate <= '1998-09-02 00:00:00'::timestamp without time zone)\n",
      "                    ->  Partial HashAggregate  (cost=88250.33..88250.35 rows=1 width=236) (actual time=12943.683..12943.686 rows=1 loops=1)\n",
      "                          Group Key: lineitem_70.l_returnflag, lineitem_70.l_linestatus\n",
      "                          Worker 0:  Batches: 1  Memory Usage: 24kB\n",
      "                          ->  Parallel Seq Scan on lineitem_m10_m12_y1997_n lineitem_70  (cost=0.00..54996.41 rows=950112 width=25) (actual time=1.342..2854.659 rows=2300560 loops=1)\n",
      "                                Filter: (l_shipdate <= '1998-09-02 00:00:00'::timestamp without time zone)\n",
      "                    ->  Partial HashAggregate  (cost=88122.17..88122.20 rows=1 width=236) (actual time=12960.456..12960.458 rows=1 loops=1)\n",
      "                          Group Key: lineitem_64.l_returnflag, lineitem_64.l_linestatus\n",
      "                          Worker 1:  Batches: 1  Memory Usage: 24kB\n",
      "                          ->  Parallel Seq Scan on lineitem_m4_m6_y1997_n lineitem_64  (cost=0.00..54771.09 rows=952888 width=25) (actual time=0.989..2902.136 rows=2286920 loops=1)\n",
      "                                Filter: (l_shipdate <= '1998-09-02 00:00:00'::timestamp without time zone)\n",
      "                    ->  Partial HashAggregate  (cost=88047.24..88047.26 rows=1 width=236) (actual time=13322.305..13322.309 rows=1 loops=1)\n",
      "                          Group Key: lineitem_55.l_returnflag, lineitem_55.l_linestatus\n",
      "                          Worker 0:  Batches: 1  Memory Usage: 24kB\n",
      "                          ->  Parallel Seq Scan on lineitem_m7_m9_y1996_n lineitem_55  (cost=0.00..54811.06 rows=949605 width=25) (actual time=1.184..2973.103 rows=2290900 loops=1)\n",
      "                                Filter: (l_shipdate <= '1998-09-02 00:00:00'::timestamp without time zone)\n",
      "                    ->  Partial HashAggregate  (cost=87695.99..87696.01 rows=1 width=236) (actual time=13234.275..13234.279 rows=1 loops=1)\n",
      "                          Group Key: lineitem_43.l_returnflag, lineitem_43.l_linestatus\n",
      "                          Worker 1:  Batches: 1  Memory Usage: 24kB\n",
      "                          ->  Parallel Seq Scan on lineitem_m7_m9_y1995_n lineitem_43  (cost=0.00..54749.58 rows=941326 width=25) (actual time=0.877..2922.291 rows=2292760 loops=1)\n",
      "                                Filter: (l_shipdate <= '1998-09-02 00:00:00'::timestamp without time zone)\n",
      "                    ->  Partial HashAggregate  (cost=87510.58..87510.60 rows=1 width=236) (actual time=13189.937..13189.941 rows=1 loops=1)\n",
      "                          Group Key: lineitem_58.l_returnflag, lineitem_58.l_linestatus\n",
      "                          Worker 1:  Batches: 1  Memory Usage: 24kB\n",
      "                          ->  Parallel Seq Scan on lineitem_m10_m12_y1996_n lineitem_58  (cost=0.00..54625.62 rows=939570 width=25) (actual time=0.845..2927.098 rows=2287490 loops=1)\n",
      "                                Filter: (l_shipdate <= '1998-09-02 00:00:00'::timestamp without time zone)\n",
      "                    ->  Partial HashAggregate  (cost=87227.58..87227.60 rows=1 width=236) (actual time=13119.163..13119.166 rows=1 loops=1)\n",
      "                          Group Key: lineitem_49.l_returnflag, lineitem_49.l_linestatus\n",
      "                          Worker 0:  Batches: 1  Memory Usage: 24kB\n",
      "                          ->  Parallel Seq Scan on lineitem_m1_m3_y1996_n lineitem_49  (cost=0.00..54248.31 rows=942265 width=25) (actual time=0.695..2970.415 rows=2265240 loops=1)\n",
      "                                Filter: (l_shipdate <= '1998-09-02 00:00:00'::timestamp without time zone)\n",
      "                    ->  Partial HashAggregate  (cost=86968.96..86968.98 rows=1 width=236) (actual time=13082.545..13082.548 rows=1 loops=1)\n",
      "                          Group Key: lineitem_52.l_returnflag, lineitem_52.l_linestatus\n",
      "                          Worker 0:  Batches: 1  Memory Usage: 24kB\n",
      "                          ->  Parallel Seq Scan on lineitem_m4_m6_y1996_n lineitem_52  (cost=0.00..54100.67 rows=939094 width=25) (actual time=1.270..2937.877 rows=2260020 loops=1)\n",
      "                                Filter: (l_shipdate <= '1998-09-02 00:00:00'::timestamp without time zone)\n",
      "                    ->  Partial HashAggregate  (cost=86690.23..86690.25 rows=1 width=236) (actual time=12449.175..12449.178 rows=1 loops=1)\n",
      "                          Group Key: lineitem_76.l_returnflag, lineitem_76.l_linestatus\n",
      "                          Worker 1:  Batches: 1  Memory Usage: 24kB\n",
      "                          ->  Parallel Seq Scan on lineitem_m4_m6_y1998_n lineitem_76  (cost=0.00..53885.85 rows=937268 width=25) (actual time=1.164..2752.351 rows=2249480 loops=1)\n",
      "                                Filter: (l_shipdate <= '1998-09-02 00:00:00'::timestamp without time zone)\n",
      "                    ->  Partial HashAggregate  (cost=86565.11..86565.14 rows=1 width=236) (actual time=12640.243..12640.249 rows=1 loops=1)\n",
      "                          Group Key: lineitem_73.l_returnflag, lineitem_73.l_linestatus\n",
      "                          Worker 1:  Batches: 1  Memory Usage: 24kB\n",
      "                          ->  Parallel Seq Scan on lineitem_m1_m3_y1998_n lineitem_73  (cost=0.00..53809.45 rows=935876 width=25) (actual time=1.257..2769.146 rows=2246100 loops=1)\n",
      "                                Filter: (l_shipdate <= '1998-09-02 00:00:00'::timestamp without time zone)\n",
      "                    ->  Partial HashAggregate  (cost=86370.49..86370.51 rows=1 width=236) (actual time=12538.979..12538.981 rows=1 loops=1)\n",
      "                          Group Key: lineitem_61.l_returnflag, lineitem_61.l_linestatus\n",
      "                          Worker 0:  Batches: 1  Memory Usage: 24kB\n",
      "                          ->  Parallel Seq Scan on lineitem_m1_m3_y1997_n lineitem_61  (cost=0.00..53684.55 rows=933884 width=25) (actual time=1.438..2775.609 rows=2241290 loops=1)\n",
      "                                Filter: (l_shipdate <= '1998-09-02 00:00:00'::timestamp without time zone)\n",
      "                    ->  Partial HashAggregate  (cost=68215.37..68215.40 rows=1 width=236) (actual time=8767.062..8767.064 rows=1 loops=1)\n",
      "                          Group Key: lineitem_79.l_returnflag, lineitem_79.l_linestatus\n",
      "                          Worker 1:  Batches: 1  Memory Usage: 24kB\n",
      "                          ->  Parallel Seq Scan on lineitem_m7_m9_y1998_n lineitem_79  (cost=0.00..46440.19 rows=622148 width=25) (actual time=1.411..2282.826 rows=1495610 loops=1)\n",
      "                                Filter: (l_shipdate <= '1998-09-02 00:00:00'::timestamp without time zone)\n",
      "                                Rows Removed by Filter: 443070\n",
      "                    ->  Partial HashAggregate  (cost=44425.59..44425.61 rows=1 width=236) (actual time=6722.346..6722.347 rows=1 loops=1)\n",
      "                          Group Key: lineitem_30.l_returnflag, lineitem_30.l_linestatus\n",
      "                          Worker 0:  Batches: 1  Memory Usage: 24kB\n",
      "                          ->  Parallel Seq Scan on lineitem_m7_m9_y1994_a lineitem_30  (cost=0.00..27644.31 rows=479465 width=25) (actual time=0.708..1542.891 rows=1155160 loops=1)\n",
      "                                Filter: (l_shipdate <= '1998-09-02 00:00:00'::timestamp without time zone)\n",
      "                    ->  Partial HashAggregate  (cost=44325.80..44325.82 rows=1 width=236) (actual time=6463.473..6463.474 rows=1 loops=1)\n",
      "                          Group Key: lineitem_32.l_returnflag, lineitem_32.l_linestatus\n",
      "                          Worker 0:  Batches: 1  Memory Usage: 24kB\n",
      "                          ->  Parallel Seq Scan on lineitem_m7_m9_y1994_r lineitem_32  (cost=0.00..27676.26 rows=475701 width=25) (actual time=1.097..1441.382 rows=1158260 loops=1)\n",
      "                                Filter: (l_shipdate <= '1998-09-02 00:00:00'::timestamp without time zone)\n",
      "                    ->  Partial HashAggregate  (cost=44260.10..44260.12 rows=1 width=236) (actual time=6526.910..6526.912 rows=1 loops=1)\n",
      "                          Group Key: lineitem_35.l_returnflag, lineitem_35.l_linestatus\n",
      "                          Worker 1:  Batches: 1  Memory Usage: 24kB\n",
      "                          ->  Parallel Seq Scan on lineitem_m10_m12_y1994_r lineitem_35  (cost=0.00..27614.76 rows=475581 width=25) (actual time=1.917..1481.945 rows=1155640 loops=1)\n",
      "                                Filter: (l_shipdate <= '1998-09-02 00:00:00'::timestamp without time zone)\n",
      "                    ->  Partial HashAggregate  (cost=44214.62..44214.64 rows=1 width=236) (actual time=8646.074..8646.076 rows=1 loops=1)\n",
      "                          Group Key: lineitem_18.l_returnflag, lineitem_18.l_linestatus\n",
      "                          Worker 0:  Batches: 1  Memory Usage: 24kB\n",
      "                          ->  Parallel Seq Scan on lineitem_m7_m9_y1993_a lineitem_18  (cost=0.00..27484.90 rows=477992 width=25) (actual time=1.186..2807.523 rows=1147180 loops=1)\n",
      "                                Filter: (l_shipdate <= '1998-09-02 00:00:00'::timestamp without time zone)\n",
      "                    ->  Partial HashAggregate  (cost=44214.08..44214.11 rows=1 width=236) (actual time=10067.115..10067.117 rows=1 loops=1)\n",
      "                          Group Key: lineitem_11.l_returnflag, lineitem_11.l_linestatus\n",
      "                          Worker 1:  Batches: 1  Memory Usage: 24kB\n",
      "                          ->  Parallel Seq Scan on lineitem_m10_m12_y1992_r lineitem_11  (cost=0.00..27536.34 rows=476507 width=25) (actual time=1.012..2668.629 rows=1151170 loops=1)\n",
      "                                Filter: (l_shipdate <= '1998-09-02 00:00:00'::timestamp without time zone)\n",
      "                    ->  Partial HashAggregate  (cost=44107.63..44107.66 rows=1 width=236) (actual time=8450.204..8450.205 rows=1 loops=1)\n",
      "                          Group Key: lineitem_6.l_returnflag, lineitem_6.l_linestatus\n",
      "                          Worker 0:  Batches: 1  Memory Usage: 24kB\n",
      "                          ->  Parallel Seq Scan on lineitem_m7_m9_y1992_a lineitem_6  (cost=0.00..27494.32 rows=474666 width=25) (actual time=0.709..2110.621 rows=1150010 loops=1)\n",
      "                                Filter: (l_shipdate <= '1998-09-02 00:00:00'::timestamp without time zone)\n",
      "                    ->  Partial HashAggregate  (cost=44100.57..44100.59 rows=1 width=236) (actual time=7348.388..7348.389 rows=1 loops=1)\n",
      "                          Group Key: lineitem_9.l_returnflag, lineitem_9.l_linestatus\n",
      "                          Worker 1:  Batches: 1  Memory Usage: 24kB\n",
      "                          ->  Parallel Seq Scan on lineitem_m10_m12_y1992_a lineitem_9  (cost=0.00..27523.42 rows=473633 width=25) (actual time=1.014..1740.986 rows=1152710 loops=1)\n",
      "                                Filter: (l_shipdate <= '1998-09-02 00:00:00'::timestamp without time zone)\n",
      "                    ->  Partial HashAggregate  (cost=43953.82..43953.84 rows=1 width=236) (actual time=6950.152..6950.153 rows=1 loops=1)\n",
      "                          Group Key: lineitem_8.l_returnflag, lineitem_8.l_linestatus\n",
      "                          Worker 0:  Batches: 1  Memory Usage: 24kB\n",
      "                          ->  Parallel Seq Scan on lineitem_m7_m9_y1992_r lineitem_8  (cost=0.00..27408.90 rows=472712 width=25) (actual time=1.002..1586.042 rows=1146910 loops=1)\n",
      "                                Filter: (l_shipdate <= '1998-09-02 00:00:00'::timestamp without time zone)\n",
      "                    ->  Partial HashAggregate  (cost=43836.20..43836.23 rows=1 width=236) (actual time=6687.576..6687.577 rows=1 loops=1)\n",
      "                          Group Key: lineitem_23.l_returnflag, lineitem_23.l_linestatus\n",
      "                          Worker 1:  Batches: 1  Memory Usage: 24kB\n",
      "                          ->  Parallel Seq Scan on lineitem_m10_m12_y1993_r lineitem_23  (cost=0.00..27249.74 rows=473899 width=25) (actual time=1.357..1543.551 rows=1137320 loops=1)\n",
      "                                Filter: (l_shipdate <= '1998-09-02 00:00:00'::timestamp without time zone)\n",
      "                    ->  Partial HashAggregate  (cost=43830.06..43830.08 rows=1 width=236) (actual time=2336.141..2336.142 rows=1 loops=3)\n",
      "                          Group Key: lineitem_21.l_returnflag, lineitem_21.l_linestatus\n",
      "                          Batches: 1  Memory Usage: 24kB\n",
      "                          Worker 0:  Batches: 1  Memory Usage: 24kB\n",
      "                          Worker 1:  Batches: 1  Memory Usage: 24kB\n",
      "                          ->  Parallel Seq Scan on lineitem_m10_m12_y1993_a lineitem_21  (cost=0.00..27244.44 rows=473875 width=25) (actual time=0.558..645.886 rows=379100 loops=3)\n",
      "                                Filter: (l_shipdate <= '1998-09-02 00:00:00'::timestamp without time zone)\n",
      "                    ->  Partial HashAggregate  (cost=43808.34..43808.36 rows=1 width=236) (actual time=6908.772..6908.772 rows=1 loops=1)\n",
      "                          Group Key: lineitem_20.l_returnflag, lineitem_20.l_linestatus\n",
      "                          Batches: 1  Memory Usage: 24kB\n",
      "                          ->  Parallel Seq Scan on lineitem_m7_m9_y1993_r lineitem_20  (cost=0.00..27304.30 rows=471544 width=25) (actual time=1.101..1605.050 rows=1142270 loops=1)\n",
      "                                Filter: (l_shipdate <= '1998-09-02 00:00:00'::timestamp without time zone)\n",
      "                    ->  Partial HashAggregate  (cost=43769.82..43769.85 rows=1 width=236) (actual time=9497.242..9497.243 rows=1 loops=1)\n",
      "                          Group Key: lineitem_33.l_returnflag, lineitem_33.l_linestatus\n",
      "                          Batches: 1  Memory Usage: 24kB\n",
      "                          ->  Parallel Seq Scan on lineitem_m10_m12_y1994_a lineitem_33  (cost=0.00..27325.11 rows=469849 width=25) (actual time=93.497..2993.715 rows=1144800 loops=1)\n",
      "                                Filter: (l_shipdate <= '1998-09-02 00:00:00'::timestamp without time zone)\n",
      "                    ->  Partial HashAggregate  (cost=43560.58..43560.60 rows=1 width=236) (actual time=7581.149..7581.150 rows=1 loops=1)\n",
      "                          Group Key: lineitem_29.l_returnflag, lineitem_29.l_linestatus\n",
      "                          Batches: 1  Memory Usage: 24kB\n",
      "                          ->  Parallel Seq Scan on lineitem_m4_m6_y1994_r lineitem_29  (cost=0.00..27099.83 rows=470307 width=25) (actual time=0.868..2058.746 rows=1131820 loops=1)\n",
      "                                Filter: (l_shipdate <= '1998-09-02 00:00:00'::timestamp without time zone)\n",
      "                    ->  Partial HashAggregate  (cost=43510.61..43510.63 rows=1 width=236) (actual time=6273.092..6273.093 rows=1 loops=1)\n",
      "                          Group Key: lineitem_27.l_returnflag, lineitem_27.l_linestatus\n",
      "                          Batches: 1  Memory Usage: 24kB\n",
      "                          ->  Parallel Seq Scan on lineitem_m4_m6_y1994_a lineitem_27  (cost=0.00..27057.21 rows=470097 width=25) (actual time=0.463..1459.785 rows=1130030 loops=1)\n",
      "                                Filter: (l_shipdate <= '1998-09-02 00:00:00'::timestamp without time zone)\n",
      "                    ->  Partial HashAggregate  (cost=43447.93..43447.96 rows=1 width=236) (actual time=6294.795..6294.796 rows=1 loops=1)\n",
      "                          Group Key: lineitem_15.l_returnflag, lineitem_15.l_linestatus\n",
      "                          Batches: 1  Memory Usage: 24kB\n",
      "                          ->  Parallel Seq Scan on lineitem_m4_m6_y1993_a lineitem_15  (cost=0.00..27061.35 rows=468188 width=25) (actual time=0.637..1424.067 rows=1131120 loops=1)\n",
      "                                Filter: (l_shipdate <= '1998-09-02 00:00:00'::timestamp without time zone)\n",
      "                    ->  Partial HashAggregate  (cost=43356.14..43356.16 rows=1 width=236) (actual time=6596.402..6596.403 rows=1 loops=1)\n",
      "                          Group Key: lineitem_24.l_returnflag, lineitem_24.l_linestatus\n",
      "                          Batches: 1  Memory Usage: 24kB\n",
      "                          ->  Parallel Seq Scan on lineitem_m1_m3_y1994_a lineitem_24  (cost=0.00..26946.56 rows=468845 width=25) (actual time=0.796..1491.859 rows=1125200 loops=1)\n",
      "                                Filter: (l_shipdate <= '1998-09-02 00:00:00'::timestamp without time zone)\n",
      "                    ->  Partial HashAggregate  (cost=43253.08..43253.11 rows=1 width=236) (actual time=6683.155..6683.157 rows=1 loops=1)\n",
      "                          Group Key: lineitem_17.l_returnflag, lineitem_17.l_linestatus\n",
      "                          Batches: 1  Memory Usage: 24kB\n",
      "                          ->  Parallel Seq Scan on lineitem_m4_m6_y1993_r lineitem_17  (cost=0.00..26966.60 rows=465328 width=25) (actual time=0.839..1519.043 rows=1127970 loops=1)\n",
      "                                Filter: (l_shipdate <= '1998-09-02 00:00:00'::timestamp without time zone)\n",
      "                    ->  Partial HashAggregate  (cost=43225.97..43225.99 rows=1 width=236) (actual time=6598.030..6598.031 rows=1 loops=1)\n",
      "                          Group Key: lineitem_36.l_returnflag, lineitem_36.l_linestatus\n",
      "                          Batches: 1  Memory Usage: 24kB\n",
      "                          ->  Parallel Seq Scan on lineitem_m1_m3_y1995_a lineitem_36  (cost=0.00..26989.68 rows=463894 width=25) (actual time=2.465..1482.085 rows=1130080 loops=1)\n",
      "                                Filter: (l_shipdate <= '1998-09-02 00:00:00'::timestamp without time zone)\n",
      "                    ->  Partial HashAggregate  (cost=43219.34..43219.36 rows=1 width=236) (actual time=6439.014..6439.016 rows=1 loops=1)\n",
      "                          Group Key: lineitem_26.l_returnflag, lineitem_26.l_linestatus\n",
      "                          Batches: 1  Memory Usage: 24kB\n",
      "                          ->  Parallel Seq Scan on lineitem_m1_m3_y1994_r lineitem_26  (cost=0.00..26869.30 rows=467144 width=25) (actual time=0.907..1462.365 rows=1121820 loops=1)\n",
      "                                Filter: (l_shipdate <= '1998-09-02 00:00:00'::timestamp without time zone)\n",
      "                    ->  Partial HashAggregate  (cost=43139.30..43139.32 rows=1 width=236) (actual time=6572.417..6572.419 rows=1 loops=1)\n",
      "                          Group Key: lineitem_38.l_returnflag, lineitem_38.l_linestatus\n",
      "                          Batches: 1  Memory Usage: 24kB\n",
      "                          ->  Parallel Seq Scan on lineitem_m1_m3_y1995_r lineitem_38  (cost=0.00..26946.97 rows=462638 width=25) (actual time=1.226..1469.801 rows=1129050 loops=1)\n",
      "                                Filter: (l_shipdate <= '1998-09-02 00:00:00'::timestamp without time zone)\n",
      "                    ->  Partial HashAggregate  (cost=43127.36..43127.39 rows=1 width=236) (actual time=6315.725..6315.727 rows=1 loops=1)\n",
      "                          Group Key: lineitem_12.l_returnflag, lineitem_12.l_linestatus\n",
      "                          Batches: 1  Memory Usage: 24kB\n",
      "                          ->  Parallel Seq Scan on lineitem_m1_m3_y1993_a lineitem_12  (cost=0.00..26895.94 rows=463755 width=25) (actual time=1.040..1405.899 rows=1125230 loops=1)\n",
      "                                Filter: (l_shipdate <= '1998-09-02 00:00:00'::timestamp without time zone)\n",
      "                    ->  Partial HashAggregate  (cost=43047.32..43047.35 rows=1 width=236) (actual time=6460.437..6460.438 rows=1 loops=1)\n",
      "                          Group Key: lineitem_14.l_returnflag, lineitem_14.l_linestatus\n",
      "                          Batches: 1  Memory Usage: 24kB\n",
      "                          ->  Parallel Seq Scan on lineitem_m1_m3_y1993_r lineitem_14  (cost=0.00..26860.88 rows=462470 width=25) (actual time=0.770..1433.783 rows=1124630 loops=1)\n",
      "                                Filter: (l_shipdate <= '1998-09-02 00:00:00'::timestamp without time zone)\n",
      "                    ->  Partial HashAggregate  (cost=41930.13..41930.15 rows=1 width=236) (actual time=6223.066..6223.068 rows=1 loops=1)\n",
      "                          Group Key: lineitem_5.l_returnflag, lineitem_5.l_linestatus\n",
      "                          Batches: 1  Memory Usage: 24kB\n",
      "                          ->  Parallel Seq Scan on lineitem_m4_m6_y1992_r lineitem_5  (cost=0.00..26063.61 rows=453329 width=25) (actual time=1.110..1369.817 rows=1087990 loops=1)\n",
      "                                Filter: (l_shipdate <= '1998-09-02 00:00:00'::timestamp without time zone)\n",
      "                    ->  Partial HashAggregate  (cost=41478.81..41478.83 rows=1 width=236) (actual time=6433.961..6433.962 rows=1 loops=1)\n",
      "                          Group Key: lineitem_3.l_returnflag, lineitem_3.l_linestatus\n",
      "                          Batches: 1  Memory Usage: 24kB\n",
      "                          ->  Parallel Seq Scan on lineitem_m4_m6_y1992_a lineitem_3  (cost=0.00..25867.48 rows=446038 width=25) (actual time=0.770..1421.491 rows=1082250 loops=1)\n",
      "                                Filter: (l_shipdate <= '1998-09-02 00:00:00'::timestamp without time zone)\n",
      "                    ->  Partial HashAggregate  (cost=30242.31..30242.33 rows=1 width=236) (actual time=4480.251..4480.252 rows=1 loops=1)\n",
      "                          Group Key: lineitem_41.l_returnflag, lineitem_41.l_linestatus\n",
      "                          Batches: 1  Memory Usage: 24kB\n",
      "                          ->  Parallel Seq Scan on lineitem_m4_m6_y1995_r lineitem_41  (cost=0.00..18797.45 rows=326996 width=25) (actual time=0.795..995.164 rows=784780 loops=1)\n",
      "                                Filter: (l_shipdate <= '1998-09-02 00:00:00'::timestamp without time zone)\n",
      "                    ->  Partial HashAggregate  (cost=29922.25..29922.27 rows=1 width=236) (actual time=4588.138..4588.139 rows=1 loops=1)\n",
      "                          Group Key: lineitem_39.l_returnflag, lineitem_39.l_linestatus\n",
      "                          Batches: 1  Memory Usage: 24kB\n",
      "                          ->  Parallel Seq Scan on lineitem_m4_m6_y1995_a lineitem_39  (cost=0.00..18629.22 rows=322658 width=25) (actual time=0.758..1032.925 rows=779080 loops=1)\n",
      "                                Filter: (l_shipdate <= '1998-09-02 00:00:00'::timestamp without time zone)\n",
      "                    ->  Partial HashAggregate  (cost=27303.58..27303.62 rows=2 width=236) (actual time=3709.200..3709.210 rows=2 loops=1)\n",
      "                          Group Key: lineitem_40.l_returnflag, lineitem_40.l_linestatus\n",
      "                          Batches: 1  Memory Usage: 24kB\n",
      "                          ->  Parallel Seq Scan on lineitem_m4_m6_y1995_n lineitem_40  (cost=0.00..16974.10 rows=295128 width=25) (actual time=0.366..855.740 rows=708300 loops=1)\n",
      "                                Filter: (l_shipdate <= '1998-09-02 00:00:00'::timestamp without time zone)\n",
      "                    ->  Partial HashAggregate  (cost=16113.81..16113.83 rows=1 width=236) (actual time=1236.628..1236.628 rows=1 loops=1)\n",
      "                          Group Key: lineitem.l_returnflag, lineitem.l_linestatus\n",
      "                          Batches: 1  Memory Usage: 24kB\n",
      "                          ->  Parallel Seq Scan on lineitem_m1_m3_y1992_a lineitem  (cost=0.00..10025.42 rows=173954 width=25) (actual time=0.567..279.834 rows=419140 loops=1)\n",
      "                                Filter: (l_shipdate <= '1998-09-02 00:00:00'::timestamp without time zone)\n",
      "                    ->  Partial HashAggregate  (cost=16032.48..16032.50 rows=1 width=236) (actual time=1388.952..1388.952 rows=1 loops=1)\n",
      "                          Group Key: lineitem_2.l_returnflag, lineitem_2.l_linestatus\n",
      "                          Batches: 1  Memory Usage: 24kB\n",
      "                          ->  Parallel Seq Scan on lineitem_m1_m3_y1992_r lineitem_2  (cost=0.00..9982.66 rows=172852 width=25) (actual time=0.477..310.769 rows=417250 loops=1)\n",
      "                                Filter: (l_shipdate <= '1998-09-02 00:00:00'::timestamp without time zone)\n",
      "                    ->  Partial HashAggregate  (cost=12.44..13.21 rows=34 width=248) (actual time=0.001..0.002 rows=0 loops=1)\n",
      "                          Group Key: lineitem_1.l_returnflag, lineitem_1.l_linestatus\n",
      "                          Batches: 1  Memory Usage: 24kB\n",
      "                          ->  Parallel Seq Scan on lineitem_m1_m3_y1992_n lineitem_1  (cost=0.00..11.25 rows=34 width=144) (actual time=0.000..0.000 rows=0 loops=1)\n",
      "                                Filter: (l_shipdate <= '1998-09-02 00:00:00'::timestamp without time zone)\n",
      "                    ->  Partial HashAggregate  (cost=12.44..13.21 rows=34 width=248) (actual time=0.001..0.002 rows=0 loops=1)\n",
      "                          Group Key: lineitem_4.l_returnflag, lineitem_4.l_linestatus\n",
      "                          Batches: 1  Memory Usage: 24kB\n",
      "                          ->  Parallel Seq Scan on lineitem_m4_m6_y1992_n lineitem_4  (cost=0.00..11.25 rows=34 width=144) (actual time=0.001..0.001 rows=0 loops=1)\n",
      "                                Filter: (l_shipdate <= '1998-09-02 00:00:00'::timestamp without time zone)\n",
      "                    ->  Partial HashAggregate  (cost=12.44..13.21 rows=34 width=248) (actual time=0.002..0.002 rows=0 loops=1)\n",
      "                          Group Key: lineitem_7.l_returnflag, lineitem_7.l_linestatus\n",
      "                          Batches: 1  Memory Usage: 24kB\n",
      "                          ->  Parallel Seq Scan on lineitem_m7_m9_y1992_n lineitem_7  (cost=0.00..11.25 rows=34 width=144) (actual time=0.001..0.001 rows=0 loops=1)\n",
      "                                Filter: (l_shipdate <= '1998-09-02 00:00:00'::timestamp without time zone)\n",
      "                    ->  Partial HashAggregate  (cost=12.44..13.21 rows=34 width=248) (actual time=0.002..0.002 rows=0 loops=1)\n",
      "                          Group Key: lineitem_10.l_returnflag, lineitem_10.l_linestatus\n",
      "                          Batches: 1  Memory Usage: 24kB\n",
      "                          ->  Parallel Seq Scan on lineitem_m10_m12_y1992_n lineitem_10  (cost=0.00..11.25 rows=34 width=144) (actual time=0.000..0.000 rows=0 loops=1)\n",
      "                                Filter: (l_shipdate <= '1998-09-02 00:00:00'::timestamp without time zone)\n",
      "                    ->  Partial HashAggregate  (cost=12.44..13.21 rows=34 width=248) (actual time=0.001..0.002 rows=0 loops=1)\n",
      "                          Group Key: lineitem_13.l_returnflag, lineitem_13.l_linestatus\n",
      "                          Batches: 1  Memory Usage: 24kB\n",
      "                          ->  Parallel Seq Scan on lineitem_m1_m3_y1993_n lineitem_13  (cost=0.00..11.25 rows=34 width=144) (actual time=0.000..0.001 rows=0 loops=1)\n",
      "                                Filter: (l_shipdate <= '1998-09-02 00:00:00'::timestamp without time zone)\n",
      "                    ->  Partial HashAggregate  (cost=12.44..13.21 rows=34 width=248) (actual time=0.002..0.002 rows=0 loops=1)\n",
      "                          Group Key: lineitem_16.l_returnflag, lineitem_16.l_linestatus\n",
      "                          Batches: 1  Memory Usage: 24kB\n",
      "                          ->  Parallel Seq Scan on lineitem_m4_m6_y1993_n lineitem_16  (cost=0.00..11.25 rows=34 width=144) (actual time=0.000..0.000 rows=0 loops=1)\n",
      "                                Filter: (l_shipdate <= '1998-09-02 00:00:00'::timestamp without time zone)\n",
      "                    ->  Partial HashAggregate  (cost=12.44..13.21 rows=34 width=248) (actual time=0.002..0.002 rows=0 loops=1)\n",
      "                          Group Key: lineitem_19.l_returnflag, lineitem_19.l_linestatus\n",
      "                          Batches: 1  Memory Usage: 24kB\n",
      "                          ->  Parallel Seq Scan on lineitem_m7_m9_y1993_n lineitem_19  (cost=0.00..11.25 rows=34 width=144) (actual time=0.000..0.001 rows=0 loops=1)\n",
      "                                Filter: (l_shipdate <= '1998-09-02 00:00:00'::timestamp without time zone)\n",
      "                    ->  Partial HashAggregate  (cost=12.44..13.21 rows=34 width=248) (actual time=0.002..0.002 rows=0 loops=1)\n",
      "                          Group Key: lineitem_22.l_returnflag, lineitem_22.l_linestatus\n",
      "                          Batches: 1  Memory Usage: 24kB\n",
      "                          ->  Parallel Seq Scan on lineitem_m10_m12_y1993_n lineitem_22  (cost=0.00..11.25 rows=34 width=144) (actual time=0.001..0.001 rows=0 loops=1)\n",
      "                                Filter: (l_shipdate <= '1998-09-02 00:00:00'::timestamp without time zone)\n",
      "                    ->  Partial HashAggregate  (cost=12.44..13.21 rows=34 width=248) (actual time=0.001..0.002 rows=0 loops=1)\n",
      "                          Group Key: lineitem_25.l_returnflag, lineitem_25.l_linestatus\n",
      "                          Batches: 1  Memory Usage: 24kB\n",
      "                          ->  Parallel Seq Scan on lineitem_m1_m3_y1994_n lineitem_25  (cost=0.00..11.25 rows=34 width=144) (actual time=0.000..0.000 rows=0 loops=1)\n",
      "                                Filter: (l_shipdate <= '1998-09-02 00:00:00'::timestamp without time zone)\n",
      "                    ->  Partial HashAggregate  (cost=12.44..13.21 rows=34 width=248) (actual time=0.002..0.002 rows=0 loops=1)\n",
      "                          Group Key: lineitem_28.l_returnflag, lineitem_28.l_linestatus\n",
      "                          Batches: 1  Memory Usage: 24kB\n",
      "                          ->  Parallel Seq Scan on lineitem_m4_m6_y1994_n lineitem_28  (cost=0.00..11.25 rows=34 width=144) (actual time=0.001..0.001 rows=0 loops=1)\n",
      "                                Filter: (l_shipdate <= '1998-09-02 00:00:00'::timestamp without time zone)\n",
      "                    ->  Partial HashAggregate  (cost=12.44..13.21 rows=34 width=248) (actual time=0.001..0.002 rows=0 loops=1)\n",
      "                          Group Key: lineitem_31.l_returnflag, lineitem_31.l_linestatus\n",
      "                          Batches: 1  Memory Usage: 24kB\n",
      "                          ->  Parallel Seq Scan on lineitem_m7_m9_y1994_n lineitem_31  (cost=0.00..11.25 rows=34 width=144) (actual time=0.000..0.001 rows=0 loops=1)\n",
      "                                Filter: (l_shipdate <= '1998-09-02 00:00:00'::timestamp without time zone)\n",
      "                    ->  Partial HashAggregate  (cost=12.44..13.21 rows=34 width=248) (actual time=0.001..0.002 rows=0 loops=1)\n",
      "                          Group Key: lineitem_34.l_returnflag, lineitem_34.l_linestatus\n",
      "                          Batches: 1  Memory Usage: 24kB\n",
      "                          ->  Parallel Seq Scan on lineitem_m10_m12_y1994_n lineitem_34  (cost=0.00..11.25 rows=34 width=144) (actual time=0.000..0.000 rows=0 loops=1)\n",
      "                                Filter: (l_shipdate <= '1998-09-02 00:00:00'::timestamp without time zone)\n",
      "                    ->  Partial HashAggregate  (cost=12.44..13.21 rows=34 width=248) (actual time=0.001..0.002 rows=0 loops=1)\n",
      "                          Group Key: lineitem_37.l_returnflag, lineitem_37.l_linestatus\n",
      "                          Batches: 1  Memory Usage: 24kB\n",
      "                          ->  Parallel Seq Scan on lineitem_m1_m3_y1995_n lineitem_37  (cost=0.00..11.25 rows=34 width=144) (actual time=0.000..0.000 rows=0 loops=1)\n",
      "                                Filter: (l_shipdate <= '1998-09-02 00:00:00'::timestamp without time zone)\n",
      "                    ->  Partial HashAggregate  (cost=12.44..13.21 rows=34 width=248) (actual time=0.001..0.002 rows=0 loops=1)\n",
      "                          Group Key: lineitem_42.l_returnflag, lineitem_42.l_linestatus\n",
      "                          Batches: 1  Memory Usage: 24kB\n",
      "                          ->  Parallel Seq Scan on lineitem_m7_m9_y1995_a lineitem_42  (cost=0.00..11.25 rows=34 width=144) (actual time=0.000..0.000 rows=0 loops=1)\n",
      "                                Filter: (l_shipdate <= '1998-09-02 00:00:00'::timestamp without time zone)\n",
      "                    ->  Partial HashAggregate  (cost=12.44..13.21 rows=34 width=248) (actual time=0.001..0.002 rows=0 loops=1)\n",
      "                          Group Key: lineitem_44.l_returnflag, lineitem_44.l_linestatus\n",
      "                          Batches: 1  Memory Usage: 24kB\n",
      "                          ->  Parallel Seq Scan on lineitem_m7_m9_y1995_r lineitem_44  (cost=0.00..11.25 rows=34 width=144) (actual time=0.001..0.001 rows=0 loops=1)\n",
      "                                Filter: (l_shipdate <= '1998-09-02 00:00:00'::timestamp without time zone)\n",
      "                    ->  Partial HashAggregate  (cost=12.44..13.21 rows=34 width=248) (actual time=0.001..0.002 rows=0 loops=1)\n",
      "                          Group Key: lineitem_45.l_returnflag, lineitem_45.l_linestatus\n",
      "                          Batches: 1  Memory Usage: 24kB\n",
      "                          ->  Parallel Seq Scan on lineitem_m10_m12_y1995_a lineitem_45  (cost=0.00..11.25 rows=34 width=144) (actual time=0.000..0.000 rows=0 loops=1)\n",
      "                                Filter: (l_shipdate <= '1998-09-02 00:00:00'::timestamp without time zone)\n",
      "                    ->  Partial HashAggregate  (cost=12.44..13.21 rows=34 width=248) (actual time=0.001..0.002 rows=0 loops=1)\n",
      "                          Group Key: lineitem_47.l_returnflag, lineitem_47.l_linestatus\n",
      "                          Batches: 1  Memory Usage: 24kB\n",
      "                          ->  Parallel Seq Scan on lineitem_m10_m12_y1995_r lineitem_47  (cost=0.00..11.25 rows=34 width=144) (actual time=0.000..0.000 rows=0 loops=1)\n",
      "                                Filter: (l_shipdate <= '1998-09-02 00:00:00'::timestamp without time zone)\n",
      "                    ->  Partial HashAggregate  (cost=12.44..13.21 rows=34 width=248) (actual time=0.001..0.002 rows=0 loops=1)\n",
      "                          Group Key: lineitem_48.l_returnflag, lineitem_48.l_linestatus\n",
      "                          Batches: 1  Memory Usage: 24kB\n",
      "                          ->  Parallel Seq Scan on lineitem_m1_m3_y1996_a lineitem_48  (cost=0.00..11.25 rows=34 width=144) (actual time=0.000..0.001 rows=0 loops=1)\n",
      "                                Filter: (l_shipdate <= '1998-09-02 00:00:00'::timestamp without time zone)\n",
      "                    ->  Partial HashAggregate  (cost=12.44..13.21 rows=34 width=248) (actual time=0.001..0.002 rows=0 loops=1)\n",
      "                          Group Key: lineitem_50.l_returnflag, lineitem_50.l_linestatus\n",
      "                          Batches: 1  Memory Usage: 24kB\n",
      "                          ->  Parallel Seq Scan on lineitem_m1_m3_y1996_r lineitem_50  (cost=0.00..11.25 rows=34 width=144) (actual time=0.000..0.000 rows=0 loops=1)\n",
      "                                Filter: (l_shipdate <= '1998-09-02 00:00:00'::timestamp without time zone)\n",
      "                    ->  Partial HashAggregate  (cost=12.44..13.21 rows=34 width=248) (actual time=0.001..0.002 rows=0 loops=1)\n",
      "                          Group Key: lineitem_51.l_returnflag, lineitem_51.l_linestatus\n",
      "                          Batches: 1  Memory Usage: 24kB\n",
      "                          ->  Parallel Seq Scan on lineitem_m4_m6_y1996_a lineitem_51  (cost=0.00..11.25 rows=34 width=144) (actual time=0.000..0.000 rows=0 loops=1)\n",
      "                                Filter: (l_shipdate <= '1998-09-02 00:00:00'::timestamp without time zone)\n",
      "                    ->  Partial HashAggregate  (cost=12.44..13.21 rows=34 width=248) (actual time=0.001..0.003 rows=0 loops=1)\n",
      "                          Group Key: lineitem_53.l_returnflag, lineitem_53.l_linestatus\n",
      "                          Batches: 1  Memory Usage: 24kB\n",
      "                          ->  Parallel Seq Scan on lineitem_m4_m6_y1996_r lineitem_53  (cost=0.00..11.25 rows=34 width=144) (actual time=0.000..0.001 rows=0 loops=1)\n",
      "                                Filter: (l_shipdate <= '1998-09-02 00:00:00'::timestamp without time zone)\n",
      "                    ->  Partial HashAggregate  (cost=12.44..13.21 rows=34 width=248) (actual time=0.001..0.002 rows=0 loops=1)\n",
      "                          Group Key: lineitem_54.l_returnflag, lineitem_54.l_linestatus\n",
      "                          Batches: 1  Memory Usage: 24kB\n",
      "                          ->  Parallel Seq Scan on lineitem_m7_m9_y1996_a lineitem_54  (cost=0.00..11.25 rows=34 width=144) (actual time=0.000..0.000 rows=0 loops=1)\n",
      "                                Filter: (l_shipdate <= '1998-09-02 00:00:00'::timestamp without time zone)\n",
      "                    ->  Partial HashAggregate  (cost=12.44..13.21 rows=34 width=248) (actual time=0.001..0.002 rows=0 loops=1)\n",
      "                          Group Key: lineitem_56.l_returnflag, lineitem_56.l_linestatus\n",
      "                          Batches: 1  Memory Usage: 24kB\n",
      "                          ->  Parallel Seq Scan on lineitem_m7_m9_y1996_r lineitem_56  (cost=0.00..11.25 rows=34 width=144) (actual time=0.001..0.001 rows=0 loops=1)\n",
      "                                Filter: (l_shipdate <= '1998-09-02 00:00:00'::timestamp without time zone)\n",
      "                    ->  Partial HashAggregate  (cost=12.44..13.21 rows=34 width=248) (actual time=0.001..0.002 rows=0 loops=1)\n",
      "                          Group Key: lineitem_57.l_returnflag, lineitem_57.l_linestatus\n",
      "                          Batches: 1  Memory Usage: 24kB\n",
      "                          ->  Parallel Seq Scan on lineitem_m10_m12_y1996_a lineitem_57  (cost=0.00..11.25 rows=34 width=144) (actual time=0.000..0.001 rows=0 loops=1)\n",
      "                                Filter: (l_shipdate <= '1998-09-02 00:00:00'::timestamp without time zone)\n",
      "                    ->  Partial HashAggregate  (cost=12.44..13.21 rows=34 width=248) (actual time=0.001..0.002 rows=0 loops=1)\n",
      "                          Group Key: lineitem_59.l_returnflag, lineitem_59.l_linestatus\n",
      "                          Batches: 1  Memory Usage: 24kB\n",
      "                          ->  Parallel Seq Scan on lineitem_m10_m12_y1996_r lineitem_59  (cost=0.00..11.25 rows=34 width=144) (actual time=0.000..0.000 rows=0 loops=1)\n",
      "                                Filter: (l_shipdate <= '1998-09-02 00:00:00'::timestamp without time zone)\n",
      "                    ->  Partial HashAggregate  (cost=12.44..13.21 rows=34 width=248) (actual time=0.001..0.002 rows=0 loops=1)\n",
      "                          Group Key: lineitem_60.l_returnflag, lineitem_60.l_linestatus\n",
      "                          Batches: 1  Memory Usage: 24kB\n",
      "                          ->  Parallel Seq Scan on lineitem_m1_m3_y1997_a lineitem_60  (cost=0.00..11.25 rows=34 width=144) (actual time=0.000..0.000 rows=0 loops=1)\n",
      "                                Filter: (l_shipdate <= '1998-09-02 00:00:00'::timestamp without time zone)\n",
      "                    ->  Partial HashAggregate  (cost=12.44..13.21 rows=34 width=248) (actual time=0.001..0.002 rows=0 loops=1)\n",
      "                          Group Key: lineitem_62.l_returnflag, lineitem_62.l_linestatus\n",
      "                          Batches: 1  Memory Usage: 24kB\n",
      "                          ->  Parallel Seq Scan on lineitem_m1_m3_y1997_r lineitem_62  (cost=0.00..11.25 rows=34 width=144) (actual time=0.000..0.000 rows=0 loops=1)\n",
      "                                Filter: (l_shipdate <= '1998-09-02 00:00:00'::timestamp without time zone)\n",
      "                    ->  Partial HashAggregate  (cost=12.44..13.21 rows=34 width=248) (actual time=0.001..0.002 rows=0 loops=1)\n",
      "                          Group Key: lineitem_63.l_returnflag, lineitem_63.l_linestatus\n",
      "                          Batches: 1  Memory Usage: 24kB\n",
      "                          ->  Parallel Seq Scan on lineitem_m4_m6_y1997_a lineitem_63  (cost=0.00..11.25 rows=34 width=144) (actual time=0.001..0.001 rows=0 loops=1)\n",
      "                                Filter: (l_shipdate <= '1998-09-02 00:00:00'::timestamp without time zone)\n",
      "                    ->  Partial HashAggregate  (cost=12.44..13.21 rows=34 width=248) (actual time=0.001..0.002 rows=0 loops=1)\n",
      "                          Group Key: lineitem_65.l_returnflag, lineitem_65.l_linestatus\n",
      "                          Batches: 1  Memory Usage: 24kB\n",
      "                          ->  Parallel Seq Scan on lineitem_m4_m6_y1997_r lineitem_65  (cost=0.00..11.25 rows=34 width=144) (actual time=0.001..0.001 rows=0 loops=1)\n",
      "                                Filter: (l_shipdate <= '1998-09-02 00:00:00'::timestamp without time zone)\n",
      "                    ->  Partial HashAggregate  (cost=12.44..13.21 rows=34 width=248) (actual time=0.001..0.002 rows=0 loops=1)\n",
      "                          Group Key: lineitem_66.l_returnflag, lineitem_66.l_linestatus\n",
      "                          Batches: 1  Memory Usage: 24kB\n",
      "                          ->  Parallel Seq Scan on lineitem_m7_m9_y1997_a lineitem_66  (cost=0.00..11.25 rows=34 width=144) (actual time=0.001..0.001 rows=0 loops=1)\n",
      "                                Filter: (l_shipdate <= '1998-09-02 00:00:00'::timestamp without time zone)\n",
      "                    ->  Partial HashAggregate  (cost=12.44..13.21 rows=34 width=248) (actual time=0.002..0.002 rows=0 loops=1)\n",
      "                          Group Key: lineitem_68.l_returnflag, lineitem_68.l_linestatus\n",
      "                          Batches: 1  Memory Usage: 24kB\n",
      "                          ->  Parallel Seq Scan on lineitem_m7_m9_y1997_r lineitem_68  (cost=0.00..11.25 rows=34 width=144) (actual time=0.001..0.001 rows=0 loops=1)\n",
      "                                Filter: (l_shipdate <= '1998-09-02 00:00:00'::timestamp without time zone)\n",
      "                    ->  Partial HashAggregate  (cost=12.44..13.21 rows=34 width=248) (actual time=0.001..0.002 rows=0 loops=1)\n",
      "                          Group Key: lineitem_69.l_returnflag, lineitem_69.l_linestatus\n",
      "                          Batches: 1  Memory Usage: 24kB\n",
      "                          ->  Parallel Seq Scan on lineitem_m10_m12_y1997_a lineitem_69  (cost=0.00..11.25 rows=34 width=144) (actual time=0.000..0.000 rows=0 loops=1)\n",
      "                                Filter: (l_shipdate <= '1998-09-02 00:00:00'::timestamp without time zone)\n",
      "                    ->  Partial HashAggregate  (cost=12.44..13.21 rows=34 width=248) (actual time=0.002..0.002 rows=0 loops=1)\n",
      "                          Group Key: lineitem_71.l_returnflag, lineitem_71.l_linestatus\n",
      "                          Batches: 1  Memory Usage: 24kB\n",
      "                          ->  Parallel Seq Scan on lineitem_m10_m12_y1997_r lineitem_71  (cost=0.00..11.25 rows=34 width=144) (actual time=0.001..0.001 rows=0 loops=1)\n",
      "                                Filter: (l_shipdate <= '1998-09-02 00:00:00'::timestamp without time zone)\n",
      "                    ->  Partial HashAggregate  (cost=12.44..13.21 rows=34 width=248) (actual time=0.001..0.002 rows=0 loops=1)\n",
      "                          Group Key: lineitem_72.l_returnflag, lineitem_72.l_linestatus\n",
      "                          Batches: 1  Memory Usage: 24kB\n",
      "                          ->  Parallel Seq Scan on lineitem_m1_m3_y1998_a lineitem_72  (cost=0.00..11.25 rows=34 width=144) (actual time=0.000..0.000 rows=0 loops=1)\n",
      "                                Filter: (l_shipdate <= '1998-09-02 00:00:00'::timestamp without time zone)\n",
      "                    ->  Partial HashAggregate  (cost=12.44..13.21 rows=34 width=248) (actual time=0.001..0.002 rows=0 loops=1)\n",
      "                          Group Key: lineitem_74.l_returnflag, lineitem_74.l_linestatus\n",
      "                          Batches: 1  Memory Usage: 24kB\n",
      "                          ->  Parallel Seq Scan on lineitem_m1_m3_y1998_r lineitem_74  (cost=0.00..11.25 rows=34 width=144) (actual time=0.000..0.000 rows=0 loops=1)\n",
      "                                Filter: (l_shipdate <= '1998-09-02 00:00:00'::timestamp without time zone)\n",
      "                    ->  Partial HashAggregate  (cost=12.44..13.21 rows=34 width=248) (actual time=0.001..0.003 rows=0 loops=1)\n",
      "                          Group Key: lineitem_75.l_returnflag, lineitem_75.l_linestatus\n",
      "                          Batches: 1  Memory Usage: 24kB\n",
      "                          ->  Parallel Seq Scan on lineitem_m4_m6_y1998_a lineitem_75  (cost=0.00..11.25 rows=34 width=144) (actual time=0.001..0.001 rows=0 loops=1)\n",
      "                                Filter: (l_shipdate <= '1998-09-02 00:00:00'::timestamp without time zone)\n",
      "                    ->  Partial HashAggregate  (cost=12.44..13.21 rows=34 width=248) (actual time=0.001..0.002 rows=0 loops=1)\n",
      "                          Group Key: lineitem_77.l_returnflag, lineitem_77.l_linestatus\n",
      "                          Batches: 1  Memory Usage: 24kB\n",
      "                          ->  Parallel Seq Scan on lineitem_m4_m6_y1998_r lineitem_77  (cost=0.00..11.25 rows=34 width=144) (actual time=0.000..0.000 rows=0 loops=1)\n",
      "                                Filter: (l_shipdate <= '1998-09-02 00:00:00'::timestamp without time zone)\n",
      "                    ->  Partial HashAggregate  (cost=12.44..13.21 rows=34 width=248) (actual time=0.001..0.002 rows=0 loops=1)\n",
      "                          Group Key: lineitem_78.l_returnflag, lineitem_78.l_linestatus\n",
      "                          Batches: 1  Memory Usage: 24kB\n",
      "                          ->  Parallel Seq Scan on lineitem_m7_m9_y1998_a lineitem_78  (cost=0.00..11.25 rows=34 width=144) (actual time=0.001..0.001 rows=0 loops=1)\n",
      "                                Filter: (l_shipdate <= '1998-09-02 00:00:00'::timestamp without time zone)\n",
      "                    ->  Partial HashAggregate  (cost=12.44..13.21 rows=34 width=248) (actual time=0.006..0.006 rows=0 loops=1)\n",
      "                          Group Key: lineitem_80.l_returnflag, lineitem_80.l_linestatus\n",
      "                          Batches: 1  Memory Usage: 24kB\n",
      "                          ->  Parallel Seq Scan on lineitem_m7_m9_y1998_r lineitem_80  (cost=0.00..11.25 rows=34 width=144) (actual time=0.003..0.003 rows=0 loops=1)\n",
      "                                Filter: (l_shipdate <= '1998-09-02 00:00:00'::timestamp without time zone)\n",
      "Planning Time: 7.958 ms\n",
      "Execution Time: 113972.578 ms\n"
     ]
    }
   ],
   "source": [
    "conn.rollback()\n",
    "with conn.cursor() as cur:\n",
    "        cur.execute(\"SET enable_seqscan = on;\")\n",
    "        cur.execute(\"SET enable_indexscan = on;\")\n",
    "        cur.execute(\"SET enable_bitmapscan = off;\")\n",
    "        cur.execute(\"SET enable_indexonlyscan = off;\")\n",
    "        cur.execute(\"SET enable_tidscan = off;\")\n",
    "        cur.execute(\"SET enable_material = off;\")\n",
    "        cur.execute(\"SET enable_nestloop = on;\")\n",
    "        cur.execute(\"SET enable_mergejoin = on;\")\n",
    "        cur.execute(\"SET enable_hashjoin = off;\")\n",
    "        cur.execute(\"SET enable_sort = on;\")\n",
    "        cur.execute(\"SET enable_partition_pruning = on;\")\n",
    "        cur.execute(\"SET enable_partitionwise_join = on;\")\n",
    "        cur.execute(\"SET enable_partitionwise_aggregate = on;\")\n",
    "        cur.execute(\"SET constraint_exclusion = on;\")\n",
    "        conn.commit()\n",
    "    \n",
    "explain_analyze(query_1)"
   ]
  },
  {
   "cell_type": "markdown",
   "metadata": {},
   "source": [
    "## Query 10"
   ]
  },
  {
   "cell_type": "code",
   "execution_count": 7,
   "metadata": {},
   "outputs": [],
   "source": [
    "query_10 = \"\"\"\n",
    "SELECT\n",
    "    c_custkey,\n",
    "    c_name,\n",
    "    SUM(l_extendedprice * (1 - l_discount)) AS revenue,\n",
    "    c_acctbal,\n",
    "    n_name,\n",
    "    c_address,\n",
    "    c_phone,\n",
    "    c_comment\n",
    "FROM\n",
    "    customer,\n",
    "    orders,\n",
    "    lineitem,\n",
    "    nation\n",
    "WHERE\n",
    "    c_custkey = o_custkey\n",
    "    AND l_orderkey = o_orderkey\n",
    "    AND o_orderdate >= DATE '1993-10-01'\n",
    "    AND o_orderdate < DATE '1993-10-01' + INTERVAL '3' MONTH\n",
    "    AND l_returnflag = 'R'\n",
    "    AND c_nationkey = n_nationkey\n",
    "GROUP BY\n",
    "    c_custkey,\n",
    "    c_name,\n",
    "    c_acctbal,\n",
    "    c_phone,\n",
    "    n_name,\n",
    "    c_address,\n",
    "    c_comment\n",
    "ORDER BY\n",
    "    revenue DESC;\n",
    "\"\"\""
   ]
  },
  {
   "cell_type": "code",
   "execution_count": 8,
   "metadata": {},
   "outputs": [],
   "source": [
    "conn.rollback()\n",
    "with conn.cursor() as cur:\n",
    "        cur.execute(\"SET enable_seqscan = on;\")\n",
    "        cur.execute(\"SET enable_indexscan = on;\")\n",
    "        cur.execute(\"SET enable_bitmapscan = on;\")\n",
    "        cur.execute(\"SET enable_indexonlyscan = off;\")\n",
    "        cur.execute(\"SET enable_tidscan = off;\")\n",
    "        cur.execute(\"SET enable_material = off;\")\n",
    "        cur.execute(\"SET enable_nestloop = on;\")\n",
    "        cur.execute(\"SET enable_mergejoin = on;\")\n",
    "        cur.execute(\"SET enable_hashjoin = off;\")\n",
    "        cur.execute(\"SET enable_sort = on;\")\n",
    "        cur.execute(\"SET enable_partition_pruning = on;\")\n",
    "        cur.execute(\"SET enable_partitionwise_join = on;\")\n",
    "        cur.execute(\"SET enable_partitionwise_aggregate = on;\")\n",
    "        cur.execute(\"SET constraint_exclusion = on;\")\n",
    "        conn.commit()"
   ]
  },
  {
   "cell_type": "code",
   "execution_count": 9,
   "metadata": {},
   "outputs": [
    {
     "name": "stdout",
     "output_type": "stream",
     "text": [
      "Sort  (cost=2525852187.28..2525945937.28 rows=37500000 width=280) (actual time=30192.629..30200.907 rows=0 loops=1)\n",
      "  Sort Key: (sum((lineitem.l_extendedprice * ('1'::numeric - lineitem.l_discount)))) DESC\n",
      "  Sort Method: quicksort  Memory: 25kB\n",
      "  ->  Finalize GroupAggregate  (cost=1752112632.14..2506522793.67 rows=37500000 width=280) (actual time=30192.610..30200.887 rows=0 loops=1)\n",
      "        Group Key: customer.c_custkey, nation.n_name\n",
      "        ->  Gather Merge  (cost=1752112632.14..2505304043.67 rows=75000000 width=280) (actual time=30192.609..30200.885 rows=0 loops=1)\n",
      "              Workers Planned: 2\n",
      "              Workers Launched: 2\n",
      "              ->  Partial GroupAggregate  (cost=1752111632.12..2496646182.71 rows=37500000 width=280) (actual time=30133.596..30133.609 rows=0 loops=3)\n",
      "                    Group Key: customer.c_custkey, nation.n_name\n",
      "                    ->  Incremental Sort  (cost=1752111632.12..2408406811.93 rows=7021649662 width=260) (actual time=30133.594..30133.606 rows=0 loops=3)\n",
      "                          Sort Key: customer.c_custkey, nation.n_name\n",
      "                          Presorted Key: customer.c_custkey\n",
      "                          Full-sort Groups: 1  Sort Method: quicksort  Average Memory: 25kB  Peak Memory: 25kB\n",
      "                          Worker 0:  Full-sort Groups: 1  Sort Method: quicksort  Average Memory: 25kB  Peak Memory: 25kB\n",
      "                          Worker 1:  Full-sort Groups: 1  Sort Method: quicksort  Average Memory: 25kB  Peak Memory: 25kB\n",
      "                          ->  Merge Join  (cost=1752111253.12..1892544246.36 rows=7021649662 width=260) (actual time=30133.124..30133.136 rows=0 loops=3)\n",
      "                                Merge Cond: (orders.o_custkey = customer.c_custkey)\n",
      "                                ->  Sort  (cost=1751521243.90..1769075368.06 rows=7021649662 width=16) (actual time=30133.123..30133.133 rows=0 loops=3)\n",
      "                                      Sort Key: orders.o_custkey\n",
      "                                      Sort Method: quicksort  Memory: 25kB\n",
      "                                      Worker 0:  Sort Method: quicksort  Memory: 25kB\n",
      "                                      Worker 1:  Sort Method: quicksort  Memory: 25kB\n",
      "                                      ->  Nested Loop  (cost=0.42..3165349.34 rows=7021649662 width=16) (actual time=30133.114..30133.124 rows=0 loops=3)\n",
      "                                            ->  Parallel Append  (cost=0.00..385170.21 rows=6127022 width=16) (actual time=0.149..9495.463 rows=4938960 loops=3)\n",
      "                                                  ->  Parallel Seq Scan on lineitem_m7_m9_y1994_r lineitem_11  (cost=0.00..27676.26 rows=475701 width=16) (actual time=0.182..580.766 rows=1158260 loops=1)\n",
      "                                                        Filter: (l_returnflag = 'R'::bpchar)\n",
      "                                                  ->  Parallel Seq Scan on lineitem_m10_m12_y1994_r lineitem_12  (cost=0.00..27614.76 rows=475581 width=16) (actual time=0.210..580.987 rows=1155640 loops=1)\n",
      "                                                        Filter: (l_returnflag = 'R'::bpchar)\n",
      "                                                  ->  Parallel Seq Scan on lineitem_m10_m12_y1992_r lineitem_4  (cost=0.00..27536.34 rows=476507 width=16) (actual time=0.651..1479.911 rows=1151170 loops=1)\n",
      "                                                        Filter: (l_returnflag = 'R'::bpchar)\n",
      "                                                  ->  Parallel Seq Scan on lineitem_m7_m9_y1992_r lineitem_3  (cost=0.00..27408.90 rows=472712 width=16) (actual time=0.456..1440.809 rows=1146910 loops=1)\n",
      "                                                        Filter: (l_returnflag = 'R'::bpchar)\n",
      "                                                  ->  Parallel Seq Scan on lineitem_m7_m9_y1993_r lineitem_7  (cost=0.00..27304.30 rows=471544 width=16) (actual time=0.751..1518.793 rows=1142270 loops=1)\n",
      "                                                        Filter: (l_returnflag = 'R'::bpchar)\n",
      "                                                  ->  Parallel Seq Scan on lineitem_m10_m12_y1993_r lineitem_8  (cost=0.00..27249.74 rows=473899 width=16) (actual time=0.903..1546.755 rows=1137320 loops=1)\n",
      "                                                        Filter: (l_returnflag = 'R'::bpchar)\n",
      "                                                  ->  Parallel Seq Scan on lineitem_m4_m6_y1994_r lineitem_10  (cost=0.00..27099.83 rows=470307 width=16) (actual time=2.208..1564.635 rows=1131820 loops=1)\n",
      "                                                        Filter: (l_returnflag = 'R'::bpchar)\n",
      "                                                  ->  Parallel Seq Scan on lineitem_m4_m6_y1993_r lineitem_6  (cost=0.00..26966.60 rows=465328 width=16) (actual time=0.306..1578.697 rows=1127970 loops=1)\n",
      "                                                        Filter: (l_returnflag = 'R'::bpchar)\n",
      "                                                  ->  Parallel Seq Scan on lineitem_m1_m3_y1995_r lineitem_13  (cost=0.00..26946.97 rows=462638 width=16) (actual time=0.742..533.673 rows=376350 loops=3)\n",
      "                                                        Filter: (l_returnflag = 'R'::bpchar)\n",
      "                                                  ->  Parallel Seq Scan on lineitem_m1_m3_y1994_r lineitem_9  (cost=0.00..26869.30 rows=467144 width=16) (actual time=0.679..838.985 rows=560910 loops=2)\n",
      "                                                        Filter: (l_returnflag = 'R'::bpchar)\n",
      "                                                  ->  Parallel Seq Scan on lineitem_m1_m3_y1993_r lineitem_5  (cost=0.00..26860.88 rows=462470 width=16) (actual time=0.486..5766.679 rows=1124630 loops=1)\n",
      "                                                        Filter: (l_returnflag = 'R'::bpchar)\n",
      "                                                  ->  Parallel Seq Scan on lineitem_m4_m6_y1992_r lineitem_2  (cost=0.00..26063.61 rows=453329 width=16) (actual time=1.124..1480.609 rows=1087990 loops=1)\n",
      "                                                        Filter: (l_returnflag = 'R'::bpchar)\n",
      "                                                  ->  Parallel Seq Scan on lineitem_m4_m6_y1995_r lineitem_14  (cost=0.00..18797.45 rows=326996 width=16) (actual time=0.131..3754.133 rows=784780 loops=1)\n",
      "                                                        Filter: (l_returnflag = 'R'::bpchar)\n",
      "                                                  ->  Parallel Seq Scan on lineitem_m1_m3_y1992_r lineitem_1  (cost=0.00..9982.66 rows=172852 width=16) (actual time=0.042..1461.862 rows=417250 loops=1)\n",
      "                                                        Filter: (l_returnflag = 'R'::bpchar)\n",
      "                                                  ->  Parallel Seq Scan on lineitem_m7_m9_y1995_r lineitem_15  (cost=0.00..11.25 rows=1 width=68) (actual time=0.000..0.000 rows=0 loops=1)\n",
      "                                                        Filter: (l_returnflag = 'R'::bpchar)\n",
      "                                                  ->  Parallel Seq Scan on lineitem_m10_m12_y1995_r lineitem_16  (cost=0.00..11.25 rows=1 width=68) (actual time=0.001..0.001 rows=0 loops=1)\n",
      "                                                        Filter: (l_returnflag = 'R'::bpchar)\n",
      "                                                  ->  Parallel Seq Scan on lineitem_m1_m3_y1996_r lineitem_17  (cost=0.00..11.25 rows=1 width=68) (actual time=0.000..0.001 rows=0 loops=1)\n",
      "                                                        Filter: (l_returnflag = 'R'::bpchar)\n",
      "                                                  ->  Parallel Seq Scan on lineitem_m4_m6_y1996_r lineitem_18  (cost=0.00..11.25 rows=1 width=68) (actual time=0.000..0.001 rows=0 loops=1)\n",
      "                                                        Filter: (l_returnflag = 'R'::bpchar)\n",
      "                                                  ->  Parallel Seq Scan on lineitem_m7_m9_y1996_r lineitem_19  (cost=0.00..11.25 rows=1 width=68) (actual time=0.000..0.001 rows=0 loops=1)\n",
      "                                                        Filter: (l_returnflag = 'R'::bpchar)\n",
      "                                                  ->  Parallel Seq Scan on lineitem_m10_m12_y1996_r lineitem_20  (cost=0.00..11.25 rows=1 width=68) (actual time=0.000..0.001 rows=0 loops=1)\n",
      "                                                        Filter: (l_returnflag = 'R'::bpchar)\n",
      "                                                  ->  Parallel Seq Scan on lineitem_m1_m3_y1997_r lineitem_21  (cost=0.00..11.25 rows=1 width=68) (actual time=0.000..0.001 rows=0 loops=1)\n",
      "                                                        Filter: (l_returnflag = 'R'::bpchar)\n",
      "                                                  ->  Parallel Seq Scan on lineitem_m4_m6_y1997_r lineitem_22  (cost=0.00..11.25 rows=1 width=68) (actual time=0.000..0.001 rows=0 loops=1)\n",
      "                                                        Filter: (l_returnflag = 'R'::bpchar)\n",
      "                                                  ->  Parallel Seq Scan on lineitem_m7_m9_y1997_r lineitem_23  (cost=0.00..11.25 rows=1 width=68) (actual time=0.000..0.000 rows=0 loops=1)\n",
      "                                                        Filter: (l_returnflag = 'R'::bpchar)\n",
      "                                                  ->  Parallel Seq Scan on lineitem_m10_m12_y1997_r lineitem_24  (cost=0.00..11.25 rows=1 width=68) (actual time=0.000..0.001 rows=0 loops=1)\n",
      "                                                        Filter: (l_returnflag = 'R'::bpchar)\n",
      "                                                  ->  Parallel Seq Scan on lineitem_m1_m3_y1998_r lineitem_25  (cost=0.00..11.25 rows=1 width=68) (actual time=0.000..0.001 rows=0 loops=1)\n",
      "                                                        Filter: (l_returnflag = 'R'::bpchar)\n",
      "                                                  ->  Parallel Seq Scan on lineitem_m4_m6_y1998_r lineitem_26  (cost=0.00..11.25 rows=1 width=68) (actual time=0.000..0.001 rows=0 loops=1)\n",
      "                                                        Filter: (l_returnflag = 'R'::bpchar)\n",
      "                                                  ->  Parallel Seq Scan on lineitem_m7_m9_y1998_r lineitem_27  (cost=0.00..11.25 rows=1 width=68) (actual time=0.000..0.001 rows=0 loops=1)\n",
      "                                                        Filter: (l_returnflag = 'R'::bpchar)\n",
      "                                                  ->  Parallel Seq Scan on lineitem_m10_m12_y1998_r lineitem_28  (cost=0.00..11.25 rows=1 width=68) (actual time=0.002..0.002 rows=0 loops=1)\n",
      "                                                        Filter: (l_returnflag = 'R'::bpchar)\n",
      "                                            ->  Index Scan using orders_m10_m12_y1993_pkey on orders_m10_m12_y1993 orders  (cost=0.42..0.44 rows=1 width=8) (actual time=0.004..0.004 rows=0 loops=14816880)\n",
      "                                                  Index Cond: (o_orderkey = lineitem.l_orderkey)\n",
      "                                                  Filter: ((o_orderdate >= '1993-10-01'::date) AND (o_orderdate < '1994-01-01 00:00:00'::timestamp without time zone))\n",
      "                                ->  Sort  (cost=590009.22..593759.22 rows=1500000 width=248) (never executed)\n",
      "                                      Sort Key: customer.c_custkey\n",
      "                                      ->  Nested Loop  (cost=0.15..87500.24 rows=1500000 width=248) (never executed)\n",
      "                                            ->  Seq Scan on customer  (cost=0.00..50827.00 rows=1500000 width=148) (never executed)\n",
      "                                            ->  Memoize  (cost=0.15..0.17 rows=1 width=108) (never executed)\n",
      "                                                  Cache Key: customer.c_nationkey\n",
      "                                                  Cache Mode: logical\n",
      "                                                  ->  Index Scan using nation_pkey on nation  (cost=0.14..0.16 rows=1 width=108) (never executed)\n",
      "                                                        Index Cond: (n_nationkey = customer.c_nationkey)\n",
      "Planning Time: 30.057 ms\n",
      "Execution Time: 30201.956 ms\n"
     ]
    }
   ],
   "source": [
    "explain_analyze(query_10, analyze=True)"
   ]
  },
  {
   "cell_type": "markdown",
   "metadata": {},
   "source": [
    "## Query 14"
   ]
  },
  {
   "cell_type": "code",
   "execution_count": 6,
   "metadata": {},
   "outputs": [],
   "source": [
    "query_14 = \"\"\"\n",
    "SELECT\n",
    "    100.00 * SUM(CASE\n",
    "        WHEN p_type LIKE 'PROMO%'\n",
    "        THEN l_extendedprice * (1 - l_discount)\n",
    "        ELSE 0\n",
    "    END) / SUM(l_extendedprice * (1 - l_discount)) AS promo_revenue\n",
    "FROM\n",
    "    lineitem,\n",
    "    part\n",
    "WHERE\n",
    "    l_partkey = p_partkey\n",
    "    AND l_shipdate >= DATE '1995-09-01'\n",
    "    AND l_shipdate < DATE '1995-09-01' + INTERVAL '1' MONTH;\n",
    "\n",
    "\"\"\""
   ]
  },
  {
   "cell_type": "code",
   "execution_count": 7,
   "metadata": {},
   "outputs": [],
   "source": [
    "conn.rollback()\n",
    "with conn.cursor() as cur:\n",
    "        cur.execute(\"SET enable_seqscan = on;\")\n",
    "        cur.execute(\"SET enable_indexscan = on;\")\n",
    "        cur.execute(\"SET enable_bitmapscan = on;\")\n",
    "        cur.execute(\"SET enable_indexonlyscan = off;\")\n",
    "        cur.execute(\"SET enable_tidscan = off;\")\n",
    "        cur.execute(\"SET enable_material = off;\")\n",
    "        cur.execute(\"SET enable_nestloop = on;\")\n",
    "        cur.execute(\"SET enable_mergejoin = on;\")\n",
    "        cur.execute(\"SET enable_hashjoin = off;\")\n",
    "        cur.execute(\"SET enable_sort = on;\")\n",
    "        cur.execute(\"SET enable_partition_pruning = on;\")\n",
    "        cur.execute(\"SET enable_partitionwise_join = on;\")\n",
    "        cur.execute(\"SET enable_partitionwise_aggregate = on;\")\n",
    "        cur.execute(\"SET constraint_exclusion = on;\")\n",
    "        conn.commit()"
   ]
  },
  {
   "cell_type": "code",
   "execution_count": 8,
   "metadata": {},
   "outputs": [
    {
     "name": "stdout",
     "output_type": "stream",
     "text": [
      "Finalize Aggregate  (cost=264122.54..264122.55 rows=1 width=32) (actual time=4294.356..4310.474 rows=1 loops=1)\n",
      "  ->  Gather  (cost=264122.30..264122.51 rows=2 width=64) (actual time=4280.737..4310.416 rows=3 loops=1)\n",
      "        Workers Planned: 2\n",
      "        Workers Launched: 2\n",
      "        ->  Partial Aggregate  (cost=263122.30..263122.31 rows=1 width=64) (actual time=4213.017..4213.020 rows=1 loops=3)\n",
      "              ->  Merge Join  (cost=167357.56..257613.09 rows=314812 width=33) (actual time=1819.193..3959.160 rows=250423 loops=3)\n",
      "                    Merge Cond: (part.p_partkey = lineitem.l_partkey)\n",
      "                    ->  Parallel Index Scan using part_pkey on part  (cost=0.43..81246.76 rows=833333 width=25) (actual time=0.506..1681.460 rows=666665 loops=3)\n",
      "                    ->  Sort  (cost=167357.13..169246.00 rows=755548 width=16) (actual time=1807.646..2007.003 rows=751161 loops=3)\n",
      "                          Sort Key: lineitem.l_partkey\n",
      "                          Sort Method: external sort  Disk: 24272kB\n",
      "                          Worker 0:  Sort Method: external sort  Disk: 24264kB\n",
      "                          Worker 1:  Sort Method: external sort  Disk: 24264kB\n",
      "                          ->  Append  (cost=0.00..80673.59 rows=755548 width=16) (actual time=0.216..1148.773 rows=751270 loops=3)\n",
      "                                ->  Seq Scan on lineitem_m7_m9_y1995_a lineitem_1  (cost=0.00..12.55 rows=1 width=68) (actual time=0.061..0.062 rows=0 loops=3)\n",
      "                                      Filter: ((l_shipdate >= '1995-09-01'::date) AND (l_shipdate < '1995-10-01 00:00:00'::timestamp without time zone))\n",
      "                                ->  Seq Scan on lineitem_m7_m9_y1995_n lineitem_2  (cost=0.00..76870.74 rows=755546 width=16) (actual time=0.153..1090.268 rows=751270 loops=3)\n",
      "                                      Filter: ((l_shipdate >= '1995-09-01'::date) AND (l_shipdate < '1995-10-01 00:00:00'::timestamp without time zone))\n",
      "                                      Rows Removed by Filter: 1541490\n",
      "                                ->  Seq Scan on lineitem_m7_m9_y1995_r lineitem_3  (cost=0.00..12.55 rows=1 width=68) (actual time=0.127..0.127 rows=0 loops=3)\n",
      "                                      Filter: ((l_shipdate >= '1995-09-01'::date) AND (l_shipdate < '1995-10-01 00:00:00'::timestamp without time zone))\n",
      "Planning Time: 44.750 ms\n",
      "Execution Time: 4321.529 ms\n"
     ]
    }
   ],
   "source": [
    "explain_analyze(query_14)"
   ]
  },
  {
   "cell_type": "markdown",
   "metadata": {},
   "source": [
    "## Query 17"
   ]
  },
  {
   "cell_type": "code",
   "execution_count": 5,
   "metadata": {},
   "outputs": [],
   "source": [
    "query_17 = \"\"\"\n",
    "SELECT\n",
    "    SUM(l_extendedprice) / 7.0 AS avg_yearly\n",
    "FROM\n",
    "    lineitem,\n",
    "    part\n",
    "WHERE\n",
    "    l_partkey = p_partkey\n",
    "    AND p_brand = 'Brand#23'\n",
    "    AND p_container = 'MED BOX'\n",
    "    AND l_quantity < (\n",
    "        SELECT\n",
    "            0.2 * AVG(l_quantity)\n",
    "        FROM\n",
    "            lineitem\n",
    "        WHERE\n",
    "            p_partkey = l_partkey\n",
    "    );\n",
    "\"\"\""
   ]
  },
  {
   "cell_type": "code",
   "execution_count": 7,
   "metadata": {},
   "outputs": [
    {
     "name": "stdout",
     "output_type": "stream",
     "text": [
      "Aggregate  (cost=149050118.48..149050118.49 rows=1 width=32) (actual time=216692.960..216693.125 rows=1 loops=1)\n",
      "  ->  Merge Join  (cost=13524380.35..149050070.07 rows=19362 width=8) (actual time=158996.674..216690.631 rows=3840 loops=1)\n",
      "        Merge Cond: (part.p_partkey = lineitem.l_partkey)\n",
      "        Join Filter: (lineitem.l_quantity < (SubPlan 1))\n",
      "        Rows Removed by Join Filter: 57720\n",
      "        ->  Sort  (cost=54761.29..54766.13 rows=1936 width=4) (actual time=1018.677..1020.761 rows=2044 loops=1)\n",
      "              Sort Key: part.p_partkey\n",
      "              Sort Method: quicksort  Memory: 49kB\n",
      "              ->  Gather  (cost=1000.00..54655.60 rows=1936 width=4) (actual time=9.140..1017.880 rows=2044 loops=1)\n",
      "                    Workers Planned: 2\n",
      "                    Workers Launched: 2\n",
      "                    ->  Parallel Seq Scan on part  (cost=0.00..53462.00 rows=807 width=4) (actual time=7.158..917.794 rows=681 loops=3)\n",
      "                          Filter: ((p_brand = 'Brand#23'::bpchar) AND (p_container = 'MED BOX'::bpchar))\n",
      "                          Rows Removed by Filter: 665985\n",
      "        ->  Sort  (cost=13469619.05..13619636.48 rows=60006970 width=17) (actual time=157871.754..173226.553 rows=59991561 loops=1)\n",
      "              Sort Key: lineitem.l_partkey\n",
      "              Sort Method: external sort  Disk: 2012360kB\n",
      "              ->  Append  (cost=0.00..2025288.55 rows=60006970 width=17) (actual time=0.274..32806.419 rows=60000000 loops=1)\n",
      "                    ->  Seq Scan on lineitem_m1_m3_y1992_a lineitem_1  (cost=0.00..12042.40 rows=419140 width=17) (actual time=0.272..155.406 rows=419140 loops=1)\n",
      "                    ->  Seq Scan on lineitem_m1_m3_y1992_n lineitem_2  (cost=0.00..11.70 rows=170 width=68) (actual time=0.023..0.023 rows=0 loops=1)\n",
      "                    ->  Seq Scan on lineitem_m1_m3_y1992_r lineitem_3  (cost=0.00..11994.50 rows=417250 width=17) (actual time=0.741..140.110 rows=417250 loops=1)\n",
      "                    ->  Seq Scan on lineitem_m4_m6_y1992_a lineitem_4  (cost=0.00..31114.50 rows=1082250 width=17) (actual time=0.379..430.396 rows=1082250 loops=1)\n",
      "                    ->  Seq Scan on lineitem_m4_m6_y1992_n lineitem_5  (cost=0.00..11.70 rows=170 width=68) (actual time=0.019..0.019 rows=0 loops=1)\n",
      "                    ->  Seq Scan on lineitem_m4_m6_y1992_r lineitem_6  (cost=0.00..31276.90 rows=1087990 width=17) (actual time=0.011..360.673 rows=1087990 loops=1)\n",
      "                    ->  Seq Scan on lineitem_m7_m9_y1992_a lineitem_7  (cost=0.00..33061.10 rows=1150010 width=17) (actual time=0.131..389.019 rows=1150010 loops=1)\n",
      "                    ->  Seq Scan on lineitem_m7_m9_y1992_n lineitem_8  (cost=0.00..11.70 rows=170 width=68) (actual time=0.025..0.025 rows=0 loops=1)\n",
      "                    ->  Seq Scan on lineitem_m7_m9_y1992_r lineitem_9  (cost=0.00..32969.10 rows=1146910 width=17) (actual time=0.115..400.320 rows=1146910 loops=1)\n",
      "                    ->  Seq Scan on lineitem_m10_m12_y1992_a lineitem_10  (cost=0.00..33130.10 rows=1152710 width=17) (actual time=0.089..371.292 rows=1152710 loops=1)\n",
      "                    ->  Seq Scan on lineitem_m10_m12_y1992_n lineitem_11  (cost=0.00..11.70 rows=170 width=68) (actual time=0.028..0.028 rows=0 loops=1)\n",
      "                    ->  Seq Scan on lineitem_m10_m12_y1992_r lineitem_12  (cost=0.00..33091.70 rows=1151170 width=17) (actual time=0.139..359.320 rows=1151170 loops=1)\n",
      "                    ->  Seq Scan on lineitem_m1_m3_y1993_a lineitem_13  (cost=0.00..32351.30 rows=1125230 width=17) (actual time=0.413..394.781 rows=1125230 loops=1)\n",
      "                    ->  Seq Scan on lineitem_m1_m3_y1993_n lineitem_14  (cost=0.00..11.70 rows=170 width=68) (actual time=0.022..0.022 rows=0 loops=1)\n",
      "                    ->  Seq Scan on lineitem_m1_m3_y1993_r lineitem_15  (cost=0.00..32326.30 rows=1124630 width=17) (actual time=0.588..2668.692 rows=1124630 loops=1)\n",
      "                    ->  Seq Scan on lineitem_m4_m6_y1993_a lineitem_16  (cost=0.00..32520.20 rows=1131120 width=17) (actual time=0.420..388.070 rows=1131120 loops=1)\n",
      "                    ->  Seq Scan on lineitem_m4_m6_y1993_n lineitem_17  (cost=0.00..11.70 rows=170 width=68) (actual time=0.020..0.020 rows=0 loops=1)\n",
      "                    ->  Seq Scan on lineitem_m4_m6_y1993_r lineitem_18  (cost=0.00..32429.70 rows=1127970 width=17) (actual time=0.317..401.773 rows=1127970 loops=1)\n",
      "                    ->  Seq Scan on lineitem_m7_m9_y1993_a lineitem_19  (cost=0.00..32981.80 rows=1147180 width=17) (actual time=0.521..466.800 rows=1147180 loops=1)\n",
      "                    ->  Seq Scan on lineitem_m7_m9_y1993_n lineitem_20  (cost=0.00..11.70 rows=170 width=68) (actual time=0.048..0.048 rows=0 loops=1)\n",
      "                    ->  Seq Scan on lineitem_m7_m9_y1993_r lineitem_21  (cost=0.00..32832.70 rows=1142270 width=17) (actual time=0.740..455.405 rows=1142270 loops=1)\n",
      "                    ->  Seq Scan on lineitem_m10_m12_y1993_a lineitem_22  (cost=0.00..32694.00 rows=1137300 width=17) (actual time=0.607..409.449 rows=1137300 loops=1)\n",
      "                    ->  Seq Scan on lineitem_m10_m12_y1993_n lineitem_23  (cost=0.00..11.70 rows=170 width=68) (actual time=0.018..0.018 rows=0 loops=1)\n",
      "                    ->  Seq Scan on lineitem_m10_m12_y1993_r lineitem_24  (cost=0.00..32699.20 rows=1137320 width=17) (actual time=1.153..419.847 rows=1137320 loops=1)\n",
      "                    ->  Seq Scan on lineitem_m1_m3_y1994_a lineitem_25  (cost=0.00..32338.00 rows=1125200 width=17) (actual time=0.325..424.701 rows=1125200 loops=1)\n",
      "                    ->  Seq Scan on lineitem_m1_m3_y1994_n lineitem_26  (cost=0.00..11.70 rows=170 width=68) (actual time=0.022..0.022 rows=0 loops=1)\n",
      "                    ->  Seq Scan on lineitem_m1_m3_y1994_r lineitem_27  (cost=0.00..32248.20 rows=1121820 width=17) (actual time=0.376..450.572 rows=1121820 loops=1)\n",
      "                    ->  Seq Scan on lineitem_m4_m6_y1994_a lineitem_28  (cost=0.00..32481.30 rows=1130030 width=17) (actual time=0.427..423.958 rows=1130030 loops=1)\n",
      "                    ->  Seq Scan on lineitem_m4_m6_y1994_n lineitem_29  (cost=0.00..11.70 rows=170 width=68) (actual time=0.017..0.017 rows=0 loops=1)\n",
      "                    ->  Seq Scan on lineitem_m4_m6_y1994_r lineitem_30  (cost=0.00..32539.20 rows=1131820 width=17) (actual time=0.350..446.333 rows=1131820 loops=1)\n",
      "                    ->  Seq Scan on lineitem_m7_m9_y1994_a lineitem_31  (cost=0.00..33202.60 rows=1155160 width=17) (actual time=0.561..454.487 rows=1155160 loops=1)\n",
      "                    ->  Seq Scan on lineitem_m7_m9_y1994_n lineitem_32  (cost=0.00..11.70 rows=170 width=68) (actual time=0.026..0.027 rows=0 loops=1)\n",
      "                    ->  Seq Scan on lineitem_m7_m9_y1994_r lineitem_33  (cost=0.00..33312.60 rows=1158260 width=17) (actual time=0.401..444.375 rows=1158260 loops=1)\n",
      "                    ->  Seq Scan on lineitem_m10_m12_y1994_a lineitem_34  (cost=0.00..32900.00 rows=1144800 width=17) (actual time=0.397..391.643 rows=1144800 loops=1)\n",
      "                    ->  Seq Scan on lineitem_m10_m12_y1994_n lineitem_35  (cost=0.00..11.70 rows=170 width=68) (actual time=0.024..0.024 rows=0 loops=1)\n",
      "                    ->  Seq Scan on lineitem_m10_m12_y1994_r lineitem_36  (cost=0.00..33226.40 rows=1155640 width=17) (actual time=4.002..476.937 rows=1155640 loops=1)\n",
      "                    ->  Seq Scan on lineitem_m1_m3_y1995_a lineitem_37  (cost=0.00..32491.80 rows=1130080 width=17) (actual time=0.424..404.082 rows=1130080 loops=1)\n",
      "                    ->  Seq Scan on lineitem_m1_m3_y1995_n lineitem_38  (cost=0.00..11.70 rows=170 width=68) (actual time=0.017..0.018 rows=0 loops=1)\n",
      "                    ->  Seq Scan on lineitem_m1_m3_y1995_r lineitem_39  (cost=0.00..32454.50 rows=1129050 width=17) (actual time=0.305..464.465 rows=1129050 loops=1)\n",
      "                    ->  Seq Scan on lineitem_m4_m6_y1995_a lineitem_40  (cost=0.00..22386.80 rows=779080 width=17) (actual time=0.479..290.497 rows=779080 loops=1)\n",
      "                    ->  Seq Scan on lineitem_m4_m6_y1995_n lineitem_41  (cost=0.00..20368.00 rows=708300 width=17) (actual time=0.317..255.565 rows=708300 loops=1)\n",
      "                    ->  Seq Scan on lineitem_m4_m6_y1995_r lineitem_42  (cost=0.00..22557.80 rows=784780 width=17) (actual time=0.323..3847.091 rows=784780 loops=1)\n",
      "                    ->  Seq Scan on lineitem_m7_m9_y1995_a lineitem_43  (cost=0.00..11.70 rows=170 width=68) (actual time=0.025..0.025 rows=0 loops=1)\n",
      "                    ->  Seq Scan on lineitem_m7_m9_y1995_n lineitem_44  (cost=0.00..65910.60 rows=2292760 width=17) (actual time=0.362..870.525 rows=2292760 loops=1)\n",
      "                    ->  Seq Scan on lineitem_m7_m9_y1995_r lineitem_45  (cost=0.00..11.70 rows=170 width=68) (actual time=0.025..0.025 rows=0 loops=1)\n",
      "                    ->  Seq Scan on lineitem_m10_m12_y1995_a lineitem_46  (cost=0.00..11.70 rows=170 width=68) (actual time=0.008..0.008 rows=0 loops=1)\n",
      "                    ->  Seq Scan on lineitem_m10_m12_y1995_n lineitem_47  (cost=0.00..66027.20 rows=2296820 width=17) (actual time=0.394..849.822 rows=2296820 loops=1)\n",
      "                    ->  Seq Scan on lineitem_m10_m12_y1995_r lineitem_48  (cost=0.00..11.70 rows=170 width=68) (actual time=0.025..0.026 rows=0 loops=1)\n",
      "                    ->  Seq Scan on lineitem_m1_m3_y1996_a lineitem_49  (cost=0.00..11.70 rows=170 width=68) (actual time=0.006..0.006 rows=0 loops=1)\n",
      "                    ->  Seq Scan on lineitem_m1_m3_y1996_n lineitem_50  (cost=0.00..65122.40 rows=2265240 width=17) (actual time=0.602..893.774 rows=2265240 loops=1)\n",
      "                    ->  Seq Scan on lineitem_m1_m3_y1996_r lineitem_51  (cost=0.00..11.70 rows=170 width=68) (actual time=0.018..0.018 rows=0 loops=1)\n",
      "                    ->  Seq Scan on lineitem_m4_m6_y1996_a lineitem_52  (cost=0.00..11.70 rows=170 width=68) (actual time=0.005..0.005 rows=0 loops=1)\n",
      "                    ->  Seq Scan on lineitem_m4_m6_y1996_n lineitem_53  (cost=0.00..64962.20 rows=2260020 width=17) (actual time=0.269..841.347 rows=2260020 loops=1)\n",
      "                    ->  Seq Scan on lineitem_m4_m6_y1996_r lineitem_54  (cost=0.00..11.70 rows=170 width=68) (actual time=0.046..0.046 rows=0 loops=1)\n",
      "                    ->  Seq Scan on lineitem_m7_m9_y1996_a lineitem_55  (cost=0.00..11.70 rows=170 width=68) (actual time=0.006..0.006 rows=0 loops=1)\n",
      "                    ->  Seq Scan on lineitem_m7_m9_y1996_n lineitem_56  (cost=0.00..65850.00 rows=2290900 width=17) (actual time=0.307..1579.075 rows=2290900 loops=1)\n",
      "                    ->  Seq Scan on lineitem_m7_m9_y1996_r lineitem_57  (cost=0.00..11.70 rows=170 width=68) (actual time=0.023..0.023 rows=0 loops=1)\n",
      "                    ->  Seq Scan on lineitem_m10_m12_y1996_a lineitem_58  (cost=0.00..11.70 rows=170 width=68) (actual time=0.010..0.010 rows=0 loops=1)\n",
      "                    ->  Seq Scan on lineitem_m10_m12_y1996_n lineitem_59  (cost=0.00..65755.90 rows=2287490 width=17) (actual time=0.366..901.832 rows=2287490 loops=1)\n",
      "                    ->  Seq Scan on lineitem_m10_m12_y1996_r lineitem_60  (cost=0.00..11.70 rows=170 width=68) (actual time=0.017..0.017 rows=0 loops=1)\n",
      "                    ->  Seq Scan on lineitem_m1_m3_y1997_a lineitem_61  (cost=0.00..11.70 rows=170 width=68) (actual time=0.005..0.005 rows=0 loops=1)\n",
      "                    ->  Seq Scan on lineitem_m1_m3_y1997_n lineitem_62  (cost=0.00..64423.90 rows=2241290 width=17) (actual time=0.405..863.358 rows=2241290 loops=1)\n",
      "                    ->  Seq Scan on lineitem_m1_m3_y1997_r lineitem_63  (cost=0.00..11.70 rows=170 width=68) (actual time=0.048..0.048 rows=0 loops=1)\n",
      "                    ->  Seq Scan on lineitem_m4_m6_y1997_a lineitem_64  (cost=0.00..11.70 rows=170 width=68) (actual time=0.007..0.007 rows=0 loops=1)\n",
      "                    ->  Seq Scan on lineitem_m4_m6_y1997_n lineitem_65  (cost=0.00..65729.20 rows=2286920 width=17) (actual time=0.441..901.260 rows=2286920 loops=1)\n",
      "                    ->  Seq Scan on lineitem_m4_m6_y1997_r lineitem_66  (cost=0.00..11.70 rows=170 width=68) (actual time=0.022..0.022 rows=0 loops=1)\n",
      "                    ->  Seq Scan on lineitem_m7_m9_y1997_a lineitem_67  (cost=0.00..11.70 rows=170 width=68) (actual time=0.034..0.034 rows=0 loops=1)\n",
      "                    ->  Seq Scan on lineitem_m7_m9_y1997_n lineitem_68  (cost=0.00..66328.00 rows=2307700 width=17) (actual time=0.332..906.797 rows=2307700 loops=1)\n",
      "                    ->  Seq Scan on lineitem_m7_m9_y1997_r lineitem_69  (cost=0.00..11.70 rows=170 width=68) (actual time=0.019..0.020 rows=0 loops=1)\n",
      "                    ->  Seq Scan on lineitem_m10_m12_y1997_a lineitem_70  (cost=0.00..11.70 rows=170 width=68) (actual time=0.007..0.007 rows=0 loops=1)\n",
      "                    ->  Seq Scan on lineitem_m10_m12_y1997_n lineitem_71  (cost=0.00..66125.60 rows=2300560 width=17) (actual time=0.363..859.908 rows=2300560 loops=1)\n",
      "                    ->  Seq Scan on lineitem_m10_m12_y1997_r lineitem_72  (cost=0.00..11.70 rows=170 width=68) (actual time=0.022..0.022 rows=0 loops=1)\n",
      "                    ->  Seq Scan on lineitem_m1_m3_y1998_a lineitem_73  (cost=0.00..11.70 rows=170 width=68) (actual time=0.006..0.006 rows=0 loops=1)\n",
      "                    ->  Seq Scan on lineitem_m1_m3_y1998_n lineitem_74  (cost=0.00..64572.00 rows=2246100 width=17) (actual time=0.527..851.731 rows=2246100 loops=1)\n",
      "                    ->  Seq Scan on lineitem_m1_m3_y1998_r lineitem_75  (cost=0.00..11.70 rows=170 width=68) (actual time=0.019..0.019 rows=0 loops=1)\n",
      "                    ->  Seq Scan on lineitem_m4_m6_y1998_a lineitem_76  (cost=0.00..11.70 rows=170 width=68) (actual time=0.008..0.008 rows=0 loops=1)\n",
      "                    ->  Seq Scan on lineitem_m4_m6_y1998_n lineitem_77  (cost=0.00..64664.80 rows=2249480 width=17) (actual time=0.344..903.544 rows=2249480 loops=1)\n",
      "                    ->  Seq Scan on lineitem_m4_m6_y1998_r lineitem_78  (cost=0.00..11.70 rows=170 width=68) (actual time=0.020..0.020 rows=0 loops=1)\n",
      "                    ->  Seq Scan on lineitem_m7_m9_y1998_a lineitem_79  (cost=0.00..11.70 rows=170 width=68) (actual time=0.005..0.005 rows=0 loops=1)\n",
      "                    ->  Seq Scan on lineitem_m7_m9_y1998_n lineitem_80  (cost=0.00..55736.80 rows=1938680 width=17) (actual time=0.016..765.816 rows=1938680 loops=1)\n",
      "                    ->  Seq Scan on lineitem_m7_m9_y1998_r lineitem_81  (cost=0.00..11.70 rows=170 width=68) (actual time=0.019..0.019 rows=0 loops=1)\n",
      "                    ->  Seq Scan on lineitem_m10_m12_y1998_a lineitem_82  (cost=0.00..11.70 rows=170 width=68) (actual time=0.007..0.007 rows=0 loops=1)\n",
      "                    ->  Seq Scan on lineitem_m10_m12_y1998_n lineitem_83  (cost=0.00..11542.70 rows=401570 width=17) (actual time=0.043..150.941 rows=401570 loops=1)\n",
      "                    ->  Seq Scan on lineitem_m10_m12_y1998_r lineitem_84  (cost=0.00..11.70 rows=170 width=68) (actual time=0.021..0.021 rows=0 loops=1)\n",
      "        SubPlan 1\n",
      "          ->  Finalize Aggregate  (cost=2327.96..2327.97 rows=1 width=32) (actual time=0.609..0.609 rows=1 loops=61560)\n",
      "                ->  Append  (cost=44.62..2327.54 rows=84 width=32) (actual time=0.008..0.587 rows=84 loops=61560)\n",
      "                      ->  Partial Aggregate  (cost=44.62..44.63 rows=1 width=32) (actual time=0.007..0.007 rows=1 loops=61560)\n",
      "                            ->  Index Scan using idx_l_partkey_1_3_1992_a on lineitem_m1_m3_y1992_a lineitem_85  (cost=0.42..44.60 rows=10 width=5) (actual time=0.004..0.006 rows=0 loops=61560)\n",
      "                                  Index Cond: (l_partkey = part.p_partkey)\n",
      "                      ->  Partial Aggregate  (cost=8.17..8.18 rows=1 width=32) (actual time=0.002..0.002 rows=1 loops=61560)\n",
      "                            ->  Index Scan using idx_l_partkey_1_3_1992_n on lineitem_m1_m3_y1992_n lineitem_86  (cost=0.14..8.16 rows=1 width=32) (actual time=0.001..0.001 rows=0 loops=61560)\n",
      "                                  Index Cond: (l_partkey = part.p_partkey)\n",
      "                      ->  Partial Aggregate  (cost=44.62..44.63 rows=1 width=32) (actual time=0.006..0.006 rows=1 loops=61560)\n",
      "                            ->  Index Scan using idx_l_partkey_1_3_1992_r on lineitem_m1_m3_y1992_r lineitem_87  (cost=0.42..44.60 rows=10 width=5) (actual time=0.004..0.005 rows=0 loops=61560)\n",
      "                                  Index Cond: (l_partkey = part.p_partkey)\n",
      "                      ->  Partial Aggregate  (cost=48.65..48.66 rows=1 width=32) (actual time=0.009..0.009 rows=1 loops=61560)\n",
      "                            ->  Index Scan using idx_l_partkey_4_6_1992_a on lineitem_m4_m6_y1992_a lineitem_88  (cost=0.43..48.62 rows=11 width=5) (actual time=0.004..0.008 rows=1 loops=61560)\n",
      "                                  Index Cond: (l_partkey = part.p_partkey)\n",
      "                      ->  Partial Aggregate  (cost=8.17..8.18 rows=1 width=32) (actual time=0.002..0.002 rows=1 loops=61560)\n",
      "                            ->  Index Scan using idx_l_partkey_4_6_1992_n on lineitem_m4_m6_y1992_n lineitem_89  (cost=0.14..8.16 rows=1 width=32) (actual time=0.001..0.001 rows=0 loops=61560)\n",
      "                                  Index Cond: (l_partkey = part.p_partkey)\n",
      "                      ->  Partial Aggregate  (cost=44.63..44.64 rows=1 width=32) (actual time=0.010..0.010 rows=1 loops=61560)\n",
      "                            ->  Index Scan using idx_l_partkey_4_6_1992_r on lineitem_m4_m6_y1992_r lineitem_90  (cost=0.43..44.60 rows=10 width=5) (actual time=0.004..0.009 rows=1 loops=61560)\n",
      "                                  Index Cond: (l_partkey = part.p_partkey)\n",
      "                      ->  Partial Aggregate  (cost=44.63..44.64 rows=1 width=32) (actual time=0.009..0.009 rows=1 loops=61560)\n",
      "                            ->  Index Scan using idx_l_partkey_7_9_1992_a on lineitem_m7_m9_y1992_a lineitem_91  (cost=0.43..44.60 rows=10 width=5) (actual time=0.004..0.008 rows=1 loops=61560)\n",
      "                                  Index Cond: (l_partkey = part.p_partkey)\n",
      "                      ->  Partial Aggregate  (cost=8.17..8.18 rows=1 width=32) (actual time=0.002..0.002 rows=1 loops=61560)\n",
      "                            ->  Index Scan using idx_l_partkey_7_9_1992_n on lineitem_m7_m9_y1992_n lineitem_92  (cost=0.14..8.16 rows=1 width=32) (actual time=0.001..0.001 rows=0 loops=61560)\n",
      "                                  Index Cond: (l_partkey = part.p_partkey)\n",
      "                      ->  Partial Aggregate  (cost=48.65..48.66 rows=1 width=32) (actual time=0.010..0.010 rows=1 loops=61560)\n",
      "                            ->  Index Scan using idx_l_partkey_7_9_1992_r on lineitem_m7_m9_y1992_r lineitem_93  (cost=0.43..48.62 rows=11 width=5) (actual time=0.005..0.009 rows=1 loops=61560)\n",
      "                                  Index Cond: (l_partkey = part.p_partkey)\n",
      "                      ->  Partial Aggregate  (cost=44.63..44.64 rows=1 width=32) (actual time=0.010..0.010 rows=1 loops=61560)\n",
      "                            ->  Index Scan using idx_l_partkey_10_12_1992_a on lineitem_m10_m12_y1992_a lineitem_94  (cost=0.43..44.60 rows=10 width=5) (actual time=0.005..0.009 rows=1 loops=61560)\n",
      "                                  Index Cond: (l_partkey = part.p_partkey)\n",
      "                      ->  Partial Aggregate  (cost=8.17..8.18 rows=1 width=32) (actual time=0.002..0.002 rows=1 loops=61560)\n",
      "                            ->  Index Scan using idx_l_partkey_10_12_1992_n on lineitem_m10_m12_y1992_n lineitem_95  (cost=0.14..8.16 rows=1 width=32) (actual time=0.001..0.001 rows=0 loops=61560)\n",
      "                                  Index Cond: (l_partkey = part.p_partkey)\n",
      "                      ->  Partial Aggregate  (cost=48.65..48.66 rows=1 width=32) (actual time=0.008..0.008 rows=1 loops=61560)\n",
      "                            ->  Index Scan using idx_l_partkey_10_12_1992_r on lineitem_m10_m12_y1992_r lineitem_96  (cost=0.43..48.62 rows=11 width=5) (actual time=0.004..0.007 rows=1 loops=61560)\n",
      "                                  Index Cond: (l_partkey = part.p_partkey)\n",
      "                      ->  Partial Aggregate  (cost=48.65..48.66 rows=1 width=32) (actual time=0.009..0.009 rows=1 loops=61560)\n",
      "                            ->  Index Scan using idx_l_partkey_1_3_1993_a on lineitem_m1_m3_y1993_a lineitem_97  (cost=0.43..48.62 rows=11 width=5) (actual time=0.004..0.008 rows=1 loops=61560)\n",
      "                                  Index Cond: (l_partkey = part.p_partkey)\n",
      "                      ->  Partial Aggregate  (cost=8.17..8.18 rows=1 width=32) (actual time=0.002..0.002 rows=1 loops=61560)\n",
      "                            ->  Index Scan using idx_l_partkey_1_3_1993_n on lineitem_m1_m3_y1993_n lineitem_98  (cost=0.14..8.16 rows=1 width=32) (actual time=0.001..0.001 rows=0 loops=61560)\n",
      "                                  Index Cond: (l_partkey = part.p_partkey)\n",
      "                      ->  Partial Aggregate  (cost=48.65..48.66 rows=1 width=32) (actual time=0.010..0.010 rows=1 loops=61560)\n",
      "                            ->  Index Scan using idx_l_partkey_1_3_1993_r on lineitem_m1_m3_y1993_r lineitem_99  (cost=0.43..48.62 rows=11 width=5) (actual time=0.004..0.009 rows=1 loops=61560)\n",
      "                                  Index Cond: (l_partkey = part.p_partkey)\n",
      "                      ->  Partial Aggregate  (cost=44.63..44.64 rows=1 width=32) (actual time=0.009..0.009 rows=1 loops=61560)\n",
      "                            ->  Index Scan using idx_l_partkey_4_6_1993_a on lineitem_m4_m6_y1993_a lineitem_100  (cost=0.43..44.60 rows=10 width=5) (actual time=0.004..0.008 rows=1 loops=61560)\n",
      "                                  Index Cond: (l_partkey = part.p_partkey)\n",
      "                      ->  Partial Aggregate  (cost=8.17..8.18 rows=1 width=32) (actual time=0.002..0.002 rows=1 loops=61560)\n",
      "                            ->  Index Scan using idx_l_partkey_4_6_1993_n on lineitem_m4_m6_y1993_n lineitem_101  (cost=0.14..8.16 rows=1 width=32) (actual time=0.001..0.001 rows=0 loops=61560)\n",
      "                                  Index Cond: (l_partkey = part.p_partkey)\n",
      "                      ->  Partial Aggregate  (cost=44.63..44.64 rows=1 width=32) (actual time=0.009..0.009 rows=1 loops=61560)\n",
      "                            ->  Index Scan using idx_l_partkey_4_6_1993_r on lineitem_m4_m6_y1993_r lineitem_102  (cost=0.43..44.60 rows=10 width=5) (actual time=0.004..0.008 rows=1 loops=61560)\n",
      "                                  Index Cond: (l_partkey = part.p_partkey)\n",
      "                      ->  Partial Aggregate  (cost=44.63..44.64 rows=1 width=32) (actual time=0.009..0.010 rows=1 loops=61560)\n",
      "                            ->  Index Scan using idx_l_partkey_7_9_1993_a on lineitem_m7_m9_y1993_a lineitem_103  (cost=0.43..44.60 rows=10 width=5) (actual time=0.004..0.008 rows=1 loops=61560)\n",
      "                                  Index Cond: (l_partkey = part.p_partkey)\n",
      "                      ->  Partial Aggregate  (cost=8.17..8.18 rows=1 width=32) (actual time=0.002..0.002 rows=1 loops=61560)\n",
      "                            ->  Index Scan using idx_l_partkey_7_9_1993_n on lineitem_m7_m9_y1993_n lineitem_104  (cost=0.14..8.16 rows=1 width=32) (actual time=0.001..0.001 rows=0 loops=61560)\n",
      "                                  Index Cond: (l_partkey = part.p_partkey)\n",
      "                      ->  Partial Aggregate  (cost=44.63..44.64 rows=1 width=32) (actual time=0.009..0.009 rows=1 loops=61560)\n",
      "                            ->  Index Scan using idx_l_partkey_7_9_1993_r on lineitem_m7_m9_y1993_r lineitem_105  (cost=0.43..44.60 rows=10 width=5) (actual time=0.004..0.008 rows=1 loops=61560)\n",
      "                                  Index Cond: (l_partkey = part.p_partkey)\n",
      "                      ->  Partial Aggregate  (cost=48.65..48.66 rows=1 width=32) (actual time=0.009..0.010 rows=1 loops=61560)\n",
      "                            ->  Index Scan using idx_l_partkey_10_12_1993_a on lineitem_m10_m12_y1993_a lineitem_106  (cost=0.43..48.62 rows=11 width=5) (actual time=0.004..0.008 rows=1 loops=61560)\n",
      "                                  Index Cond: (l_partkey = part.p_partkey)\n",
      "                      ->  Partial Aggregate  (cost=8.17..8.18 rows=1 width=32) (actual time=0.002..0.002 rows=1 loops=61560)\n",
      "                            ->  Index Scan using idx_l_partkey_10_12_1993_n on lineitem_m10_m12_y1993_n lineitem_107  (cost=0.14..8.16 rows=1 width=32) (actual time=0.001..0.001 rows=0 loops=61560)\n",
      "                                  Index Cond: (l_partkey = part.p_partkey)\n",
      "                      ->  Partial Aggregate  (cost=44.63..44.64 rows=1 width=32) (actual time=0.009..0.009 rows=1 loops=61560)\n",
      "                            ->  Index Scan using idx_l_partkey_10_12_1993_r on lineitem_m10_m12_y1993_r lineitem_108  (cost=0.43..44.60 rows=10 width=5) (actual time=0.004..0.008 rows=1 loops=61560)\n",
      "                                  Index Cond: (l_partkey = part.p_partkey)\n",
      "                      ->  Partial Aggregate  (cost=40.61..40.62 rows=1 width=32) (actual time=0.009..0.009 rows=1 loops=61560)\n",
      "                            ->  Index Scan using idx_l_partkey_1_3_1994_a on lineitem_m1_m3_y1994_a lineitem_109  (cost=0.43..40.58 rows=9 width=5) (actual time=0.004..0.008 rows=1 loops=61560)\n",
      "                                  Index Cond: (l_partkey = part.p_partkey)\n",
      "                      ->  Partial Aggregate  (cost=8.17..8.18 rows=1 width=32) (actual time=0.002..0.002 rows=1 loops=61560)\n",
      "                            ->  Index Scan using idx_l_partkey_1_3_1994_n on lineitem_m1_m3_y1994_n lineitem_110  (cost=0.14..8.16 rows=1 width=32) (actual time=0.001..0.001 rows=0 loops=61560)\n",
      "                                  Index Cond: (l_partkey = part.p_partkey)\n",
      "                      ->  Partial Aggregate  (cost=44.63..44.64 rows=1 width=32) (actual time=0.009..0.009 rows=1 loops=61560)\n",
      "                            ->  Index Scan using idx_l_partkey_1_3_1994_r on lineitem_m1_m3_y1994_r lineitem_111  (cost=0.43..44.60 rows=10 width=5) (actual time=0.004..0.008 rows=1 loops=61560)\n",
      "                                  Index Cond: (l_partkey = part.p_partkey)\n",
      "                      ->  Partial Aggregate  (cost=44.62..44.63 rows=1 width=32) (actual time=0.009..0.009 rows=1 loops=61560)\n",
      "                            ->  Index Scan using idx_l_partkey_4_6_1994_a on lineitem_m4_m6_y1994_a lineitem_112  (cost=0.43..44.60 rows=10 width=5) (actual time=0.004..0.008 rows=1 loops=61560)\n",
      "                                  Index Cond: (l_partkey = part.p_partkey)\n",
      "                      ->  Partial Aggregate  (cost=8.17..8.18 rows=1 width=32) (actual time=0.002..0.002 rows=1 loops=61560)\n",
      "                            ->  Index Scan using idx_l_partkey_4_6_1994_n on lineitem_m4_m6_y1994_n lineitem_113  (cost=0.14..8.16 rows=1 width=32) (actual time=0.001..0.001 rows=0 loops=61560)\n",
      "                                  Index Cond: (l_partkey = part.p_partkey)\n",
      "                      ->  Partial Aggregate  (cost=44.63..44.64 rows=1 width=32) (actual time=0.009..0.009 rows=1 loops=61560)\n",
      "                            ->  Index Scan using idx_l_partkey_4_6_1994_r on lineitem_m4_m6_y1994_r lineitem_114  (cost=0.43..44.60 rows=10 width=5) (actual time=0.004..0.008 rows=1 loops=61560)\n",
      "                                  Index Cond: (l_partkey = part.p_partkey)\n",
      "                      ->  Partial Aggregate  (cost=44.63..44.64 rows=1 width=32) (actual time=0.010..0.010 rows=1 loops=61560)\n",
      "                            ->  Index Scan using idx_l_partkey_7_9_1994_a on lineitem_m7_m9_y1994_a lineitem_115  (cost=0.43..44.60 rows=10 width=5) (actual time=0.004..0.009 rows=1 loops=61560)\n",
      "                                  Index Cond: (l_partkey = part.p_partkey)\n",
      "                      ->  Partial Aggregate  (cost=8.17..8.18 rows=1 width=32) (actual time=0.002..0.002 rows=1 loops=61560)\n",
      "                            ->  Index Scan using idx_l_partkey_7_9_1994_n on lineitem_m7_m9_y1994_n lineitem_116  (cost=0.14..8.16 rows=1 width=32) (actual time=0.001..0.001 rows=0 loops=61560)\n",
      "                                  Index Cond: (l_partkey = part.p_partkey)\n",
      "                      ->  Partial Aggregate  (cost=44.63..44.64 rows=1 width=32) (actual time=0.009..0.009 rows=1 loops=61560)\n",
      "                            ->  Index Scan using idx_l_partkey_7_9_1994_r on lineitem_m7_m9_y1994_r lineitem_117  (cost=0.43..44.60 rows=10 width=5) (actual time=0.004..0.008 rows=1 loops=61560)\n",
      "                                  Index Cond: (l_partkey = part.p_partkey)\n",
      "                      ->  Partial Aggregate  (cost=48.65..48.66 rows=1 width=32) (actual time=0.008..0.008 rows=1 loops=61560)\n",
      "                            ->  Index Scan using idx_l_partkey_10_12_1994_a on lineitem_m10_m12_y1994_a lineitem_118  (cost=0.43..48.62 rows=11 width=5) (actual time=0.004..0.007 rows=1 loops=61560)\n",
      "                                  Index Cond: (l_partkey = part.p_partkey)\n",
      "                      ->  Partial Aggregate  (cost=8.17..8.18 rows=1 width=32) (actual time=0.002..0.002 rows=1 loops=61560)\n",
      "                            ->  Index Scan using idx_l_partkey_10_12_1994_n on lineitem_m10_m12_y1994_n lineitem_119  (cost=0.14..8.16 rows=1 width=32) (actual time=0.001..0.001 rows=0 loops=61560)\n",
      "                                  Index Cond: (l_partkey = part.p_partkey)\n",
      "                      ->  Partial Aggregate  (cost=44.63..44.64 rows=1 width=32) (actual time=0.009..0.009 rows=1 loops=61560)\n",
      "                            ->  Index Scan using idx_l_partkey_10_12_1994_r on lineitem_m10_m12_y1994_r lineitem_120  (cost=0.43..44.60 rows=10 width=5) (actual time=0.004..0.008 rows=1 loops=61560)\n",
      "                                  Index Cond: (l_partkey = part.p_partkey)\n",
      "                      ->  Partial Aggregate  (cost=44.63..44.64 rows=1 width=32) (actual time=0.009..0.009 rows=1 loops=61560)\n",
      "                            ->  Index Scan using idx_l_partkey_1_3_1995_a on lineitem_m1_m3_y1995_a lineitem_121  (cost=0.43..44.60 rows=10 width=5) (actual time=0.004..0.008 rows=1 loops=61560)\n",
      "                                  Index Cond: (l_partkey = part.p_partkey)\n",
      "                      ->  Partial Aggregate  (cost=8.17..8.18 rows=1 width=32) (actual time=0.002..0.002 rows=1 loops=61560)\n",
      "                            ->  Index Scan using idx_l_partkey_1_3_1995_n on lineitem_m1_m3_y1995_n lineitem_122  (cost=0.14..8.16 rows=1 width=32) (actual time=0.001..0.001 rows=0 loops=61560)\n",
      "                                  Index Cond: (l_partkey = part.p_partkey)\n",
      "                      ->  Partial Aggregate  (cost=44.63..44.64 rows=1 width=32) (actual time=0.009..0.009 rows=1 loops=61560)\n",
      "                            ->  Index Scan using idx_l_partkey_1_3_1995_r on lineitem_m1_m3_y1995_r lineitem_123  (cost=0.43..44.60 rows=10 width=5) (actual time=0.004..0.008 rows=1 loops=61560)\n",
      "                                  Index Cond: (l_partkey = part.p_partkey)\n",
      "                      ->  Partial Aggregate  (cost=44.63..44.64 rows=1 width=32) (actual time=0.008..0.008 rows=1 loops=61560)\n",
      "                            ->  Index Scan using idx_l_partkey_4_6_1995_a on lineitem_m4_m6_y1995_a lineitem_124  (cost=0.42..44.60 rows=10 width=5) (actual time=0.004..0.007 rows=1 loops=61560)\n",
      "                                  Index Cond: (l_partkey = part.p_partkey)\n",
      "                      ->  Partial Aggregate  (cost=44.63..44.64 rows=1 width=32) (actual time=0.007..0.008 rows=1 loops=61560)\n",
      "                            ->  Index Scan using idx_l_partkey_4_6_1995_n on lineitem_m4_m6_y1995_n lineitem_125  (cost=0.42..44.60 rows=10 width=5) (actual time=0.004..0.007 rows=0 loops=61560)\n",
      "                                  Index Cond: (l_partkey = part.p_partkey)\n",
      "                      ->  Partial Aggregate  (cost=44.63..44.64 rows=1 width=32) (actual time=0.008..0.008 rows=1 loops=61560)\n",
      "                            ->  Index Scan using idx_l_partkey_4_6_1995_r on lineitem_m4_m6_y1995_r lineitem_126  (cost=0.42..44.60 rows=10 width=5) (actual time=0.004..0.007 rows=1 loops=61560)\n",
      "                                  Index Cond: (l_partkey = part.p_partkey)\n",
      "                      ->  Partial Aggregate  (cost=8.17..8.18 rows=1 width=32) (actual time=0.002..0.002 rows=1 loops=61560)\n",
      "                            ->  Index Scan using idx_l_partkey_7_9_1995_a on lineitem_m7_m9_y1995_a lineitem_127  (cost=0.14..8.16 rows=1 width=32) (actual time=0.001..0.001 rows=0 loops=61560)\n",
      "                                  Index Cond: (l_partkey = part.p_partkey)\n",
      "                      ->  Partial Aggregate  (cost=48.65..48.66 rows=1 width=32) (actual time=0.016..0.016 rows=1 loops=61560)\n",
      "                            ->  Index Scan using idx_l_partkey_7_9_1995_n on lineitem_m7_m9_y1995_n lineitem_128  (cost=0.43..48.62 rows=11 width=5) (actual time=0.006..0.014 rows=2 loops=61560)\n",
      "                                  Index Cond: (l_partkey = part.p_partkey)\n",
      "                      ->  Partial Aggregate  (cost=8.17..8.18 rows=1 width=32) (actual time=0.002..0.002 rows=1 loops=61560)\n",
      "                            ->  Index Scan using idx_l_partkey_7_9_1995_r on lineitem_m7_m9_y1995_r lineitem_129  (cost=0.14..8.16 rows=1 width=32) (actual time=0.001..0.001 rows=0 loops=61560)\n",
      "                                  Index Cond: (l_partkey = part.p_partkey)\n",
      "                      ->  Partial Aggregate  (cost=8.17..8.18 rows=1 width=32) (actual time=0.002..0.002 rows=1 loops=61560)\n",
      "                            ->  Index Scan using idx_l_partkey_10_12_1995_a on lineitem_m10_m12_y1995_a lineitem_130  (cost=0.14..8.16 rows=1 width=32) (actual time=0.001..0.001 rows=0 loops=61560)\n",
      "                                  Index Cond: (l_partkey = part.p_partkey)\n",
      "                      ->  Partial Aggregate  (cost=48.65..48.66 rows=1 width=32) (actual time=0.014..0.014 rows=1 loops=61560)\n",
      "                            ->  Index Scan using idx_l_partkey_10_12_1995_n on lineitem_m10_m12_y1995_n lineitem_131  (cost=0.43..48.62 rows=11 width=5) (actual time=0.006..0.013 rows=1 loops=61560)\n",
      "                                  Index Cond: (l_partkey = part.p_partkey)\n",
      "                      ->  Partial Aggregate  (cost=8.17..8.18 rows=1 width=32) (actual time=0.002..0.002 rows=1 loops=61560)\n",
      "                            ->  Index Scan using idx_l_partkey_10_12_1995_r on lineitem_m10_m12_y1995_r lineitem_132  (cost=0.14..8.16 rows=1 width=32) (actual time=0.001..0.001 rows=0 loops=61560)\n",
      "                                  Index Cond: (l_partkey = part.p_partkey)\n",
      "                      ->  Partial Aggregate  (cost=8.17..8.18 rows=1 width=32) (actual time=0.002..0.002 rows=1 loops=61560)\n",
      "                            ->  Index Scan using idx_l_partkey_1_3_1996_a on lineitem_m1_m3_y1996_a lineitem_133  (cost=0.14..8.16 rows=1 width=32) (actual time=0.001..0.001 rows=0 loops=61560)\n",
      "                                  Index Cond: (l_partkey = part.p_partkey)\n",
      "                      ->  Partial Aggregate  (cost=48.65..48.66 rows=1 width=32) (actual time=0.015..0.015 rows=1 loops=61560)\n",
      "                            ->  Index Scan using idx_l_partkey_1_3_1996_n on lineitem_m1_m3_y1996_n lineitem_134  (cost=0.43..48.62 rows=11 width=5) (actual time=0.006..0.014 rows=2 loops=61560)\n",
      "                                  Index Cond: (l_partkey = part.p_partkey)\n",
      "                      ->  Partial Aggregate  (cost=8.17..8.18 rows=1 width=32) (actual time=0.002..0.002 rows=1 loops=61560)\n",
      "                            ->  Index Scan using idx_l_partkey_1_3_1996_r on lineitem_m1_m3_y1996_r lineitem_135  (cost=0.14..8.16 rows=1 width=32) (actual time=0.001..0.001 rows=0 loops=61560)\n",
      "                                  Index Cond: (l_partkey = part.p_partkey)\n",
      "                      ->  Partial Aggregate  (cost=8.17..8.18 rows=1 width=32) (actual time=0.002..0.002 rows=1 loops=61560)\n",
      "                            ->  Index Scan using idx_l_partkey_4_6_1996_a on lineitem_m4_m6_y1996_a lineitem_136  (cost=0.14..8.16 rows=1 width=32) (actual time=0.001..0.001 rows=0 loops=61560)\n",
      "                                  Index Cond: (l_partkey = part.p_partkey)\n",
      "                      ->  Partial Aggregate  (cost=48.65..48.66 rows=1 width=32) (actual time=0.015..0.015 rows=1 loops=61560)\n",
      "                            ->  Index Scan using idx_l_partkey_4_6_1996_n on lineitem_m4_m6_y1996_n lineitem_137  (cost=0.43..48.62 rows=11 width=5) (actual time=0.006..0.014 rows=1 loops=61560)\n",
      "                                  Index Cond: (l_partkey = part.p_partkey)\n",
      "                      ->  Partial Aggregate  (cost=8.17..8.18 rows=1 width=32) (actual time=0.002..0.002 rows=1 loops=61560)\n",
      "                            ->  Index Scan using idx_l_partkey_4_6_1996_r on lineitem_m4_m6_y1996_r lineitem_138  (cost=0.14..8.16 rows=1 width=32) (actual time=0.001..0.001 rows=0 loops=61560)\n",
      "                                  Index Cond: (l_partkey = part.p_partkey)\n",
      "                      ->  Partial Aggregate  (cost=8.17..8.18 rows=1 width=32) (actual time=0.002..0.002 rows=1 loops=61560)\n",
      "                            ->  Index Scan using idx_l_partkey_7_9_1996_a on lineitem_m7_m9_y1996_a lineitem_139  (cost=0.14..8.16 rows=1 width=32) (actual time=0.001..0.001 rows=0 loops=61560)\n",
      "                                  Index Cond: (l_partkey = part.p_partkey)\n",
      "                      ->  Partial Aggregate  (cost=48.65..48.66 rows=1 width=32) (actual time=0.015..0.015 rows=1 loops=61560)\n",
      "                            ->  Index Scan using idx_l_partkey_7_9_1996_n on lineitem_m7_m9_y1996_n lineitem_140  (cost=0.43..48.62 rows=11 width=5) (actual time=0.006..0.014 rows=2 loops=61560)\n",
      "                                  Index Cond: (l_partkey = part.p_partkey)\n",
      "                      ->  Partial Aggregate  (cost=8.17..8.18 rows=1 width=32) (actual time=0.002..0.002 rows=1 loops=61560)\n",
      "                            ->  Index Scan using idx_l_partkey_7_9_1996_r on lineitem_m7_m9_y1996_r lineitem_141  (cost=0.14..8.16 rows=1 width=32) (actual time=0.001..0.001 rows=0 loops=61560)\n",
      "                                  Index Cond: (l_partkey = part.p_partkey)\n",
      "                      ->  Partial Aggregate  (cost=8.17..8.18 rows=1 width=32) (actual time=0.002..0.002 rows=1 loops=61560)\n",
      "                            ->  Index Scan using idx_l_partkey_10_12_1996_a on lineitem_m10_m12_y1996_a lineitem_142  (cost=0.14..8.16 rows=1 width=32) (actual time=0.001..0.001 rows=0 loops=61560)\n",
      "                                  Index Cond: (l_partkey = part.p_partkey)\n",
      "                      ->  Partial Aggregate  (cost=48.65..48.66 rows=1 width=32) (actual time=0.014..0.014 rows=1 loops=61560)\n",
      "                            ->  Index Scan using idx_l_partkey_10_12_1996_n on lineitem_m10_m12_y1996_n lineitem_143  (cost=0.43..48.62 rows=11 width=5) (actual time=0.006..0.012 rows=1 loops=61560)\n",
      "                                  Index Cond: (l_partkey = part.p_partkey)\n",
      "                      ->  Partial Aggregate  (cost=8.17..8.18 rows=1 width=32) (actual time=0.002..0.002 rows=1 loops=61560)\n",
      "                            ->  Index Scan using idx_l_partkey_10_12_1996_r on lineitem_m10_m12_y1996_r lineitem_144  (cost=0.14..8.16 rows=1 width=32) (actual time=0.001..0.001 rows=0 loops=61560)\n",
      "                                  Index Cond: (l_partkey = part.p_partkey)\n",
      "                      ->  Partial Aggregate  (cost=8.17..8.18 rows=1 width=32) (actual time=0.002..0.002 rows=1 loops=61560)\n",
      "                            ->  Index Scan using idx_l_partkey_1_3_1997_a on lineitem_m1_m3_y1997_a lineitem_145  (cost=0.14..8.16 rows=1 width=32) (actual time=0.001..0.001 rows=0 loops=61560)\n",
      "                                  Index Cond: (l_partkey = part.p_partkey)\n",
      "                      ->  Partial Aggregate  (cost=48.65..48.66 rows=1 width=32) (actual time=0.015..0.015 rows=1 loops=61560)\n",
      "                            ->  Index Scan using idx_l_partkey_1_3_1997_n on lineitem_m1_m3_y1997_n lineitem_146  (cost=0.43..48.62 rows=11 width=5) (actual time=0.006..0.014 rows=2 loops=61560)\n",
      "                                  Index Cond: (l_partkey = part.p_partkey)\n",
      "                      ->  Partial Aggregate  (cost=8.17..8.18 rows=1 width=32) (actual time=0.002..0.002 rows=1 loops=61560)\n",
      "                            ->  Index Scan using idx_l_partkey_1_3_1997_r on lineitem_m1_m3_y1997_r lineitem_147  (cost=0.14..8.16 rows=1 width=32) (actual time=0.001..0.001 rows=0 loops=61560)\n",
      "                                  Index Cond: (l_partkey = part.p_partkey)\n",
      "                      ->  Partial Aggregate  (cost=8.17..8.18 rows=1 width=32) (actual time=0.002..0.002 rows=1 loops=61560)\n",
      "                            ->  Index Scan using idx_l_partkey_4_6_1997_a on lineitem_m4_m6_y1997_a lineitem_148  (cost=0.14..8.16 rows=1 width=32) (actual time=0.001..0.001 rows=0 loops=61560)\n",
      "                                  Index Cond: (l_partkey = part.p_partkey)\n",
      "                      ->  Partial Aggregate  (cost=48.65..48.66 rows=1 width=32) (actual time=0.015..0.015 rows=1 loops=61560)\n",
      "                            ->  Index Scan using idx_l_partkey_4_6_1997_n on lineitem_m4_m6_y1997_n lineitem_149  (cost=0.43..48.62 rows=11 width=5) (actual time=0.006..0.014 rows=1 loops=61560)\n",
      "                                  Index Cond: (l_partkey = part.p_partkey)\n",
      "                      ->  Partial Aggregate  (cost=8.17..8.18 rows=1 width=32) (actual time=0.002..0.002 rows=1 loops=61560)\n",
      "                            ->  Index Scan using idx_l_partkey_4_6_1997_r on lineitem_m4_m6_y1997_r lineitem_150  (cost=0.14..8.16 rows=1 width=32) (actual time=0.001..0.001 rows=0 loops=61560)\n",
      "                                  Index Cond: (l_partkey = part.p_partkey)\n",
      "                      ->  Partial Aggregate  (cost=8.17..8.18 rows=1 width=32) (actual time=0.002..0.002 rows=1 loops=61560)\n",
      "                            ->  Index Scan using idx_l_partkey_7_9_1997_a on lineitem_m7_m9_y1997_a lineitem_151  (cost=0.14..8.16 rows=1 width=32) (actual time=0.001..0.001 rows=0 loops=61560)\n",
      "                                  Index Cond: (l_partkey = part.p_partkey)\n",
      "                      ->  Partial Aggregate  (cost=44.63..44.64 rows=1 width=32) (actual time=0.015..0.015 rows=1 loops=61560)\n",
      "                            ->  Index Scan using idx_l_partkey_7_9_1997_n on lineitem_m7_m9_y1997_n lineitem_152  (cost=0.43..44.60 rows=10 width=5) (actual time=0.006..0.014 rows=2 loops=61560)\n",
      "                                  Index Cond: (l_partkey = part.p_partkey)\n",
      "                      ->  Partial Aggregate  (cost=8.17..8.18 rows=1 width=32) (actual time=0.002..0.002 rows=1 loops=61560)\n",
      "                            ->  Index Scan using idx_l_partkey_7_9_1997_r on lineitem_m7_m9_y1997_r lineitem_153  (cost=0.14..8.16 rows=1 width=32) (actual time=0.001..0.001 rows=0 loops=61560)\n",
      "                                  Index Cond: (l_partkey = part.p_partkey)\n",
      "                      ->  Partial Aggregate  (cost=8.17..8.18 rows=1 width=32) (actual time=0.002..0.002 rows=1 loops=61560)\n",
      "                            ->  Index Scan using idx_l_partkey_10_12_1997_a on lineitem_m10_m12_y1997_a lineitem_154  (cost=0.14..8.16 rows=1 width=32) (actual time=0.001..0.001 rows=0 loops=61560)\n",
      "                                  Index Cond: (l_partkey = part.p_partkey)\n",
      "                      ->  Partial Aggregate  (cost=48.65..48.66 rows=1 width=32) (actual time=0.014..0.014 rows=1 loops=61560)\n",
      "                            ->  Index Scan using idx_l_partkey_10_12_1997_n on lineitem_m10_m12_y1997_n lineitem_155  (cost=0.43..48.62 rows=11 width=5) (actual time=0.006..0.013 rows=2 loops=61560)\n",
      "                                  Index Cond: (l_partkey = part.p_partkey)\n",
      "                      ->  Partial Aggregate  (cost=8.17..8.18 rows=1 width=32) (actual time=0.002..0.002 rows=1 loops=61560)\n",
      "                            ->  Index Scan using idx_l_partkey_10_12_1997_r on lineitem_m10_m12_y1997_r lineitem_156  (cost=0.14..8.16 rows=1 width=32) (actual time=0.001..0.001 rows=0 loops=61560)\n",
      "                                  Index Cond: (l_partkey = part.p_partkey)\n",
      "                      ->  Partial Aggregate  (cost=8.17..8.18 rows=1 width=32) (actual time=0.002..0.002 rows=1 loops=61560)\n",
      "                            ->  Index Scan using idx_l_partkey_1_3_1998_a on lineitem_m1_m3_y1998_a lineitem_157  (cost=0.14..8.16 rows=1 width=32) (actual time=0.001..0.001 rows=0 loops=61560)\n",
      "                                  Index Cond: (l_partkey = part.p_partkey)\n",
      "                      ->  Partial Aggregate  (cost=48.65..48.66 rows=1 width=32) (actual time=0.014..0.014 rows=1 loops=61560)\n",
      "                            ->  Index Scan using idx_l_partkey_1_3_1998_n on lineitem_m1_m3_y1998_n lineitem_158  (cost=0.43..48.62 rows=11 width=5) (actual time=0.006..0.013 rows=2 loops=61560)\n",
      "                                  Index Cond: (l_partkey = part.p_partkey)\n",
      "                      ->  Partial Aggregate  (cost=8.17..8.18 rows=1 width=32) (actual time=0.002..0.002 rows=1 loops=61560)\n",
      "                            ->  Index Scan using idx_l_partkey_1_3_1998_r on lineitem_m1_m3_y1998_r lineitem_159  (cost=0.14..8.16 rows=1 width=32) (actual time=0.001..0.001 rows=0 loops=61560)\n",
      "                                  Index Cond: (l_partkey = part.p_partkey)\n",
      "                      ->  Partial Aggregate  (cost=8.17..8.18 rows=1 width=32) (actual time=0.002..0.002 rows=1 loops=61560)\n",
      "                            ->  Index Scan using idx_l_partkey_4_6_1998_a on lineitem_m4_m6_y1998_a lineitem_160  (cost=0.14..8.16 rows=1 width=32) (actual time=0.001..0.001 rows=0 loops=61560)\n",
      "                                  Index Cond: (l_partkey = part.p_partkey)\n",
      "                      ->  Partial Aggregate  (cost=48.65..48.66 rows=1 width=32) (actual time=0.014..0.014 rows=1 loops=61560)\n",
      "                            ->  Index Scan using idx_l_partkey_4_6_1998_n on lineitem_m4_m6_y1998_n lineitem_161  (cost=0.43..48.62 rows=11 width=5) (actual time=0.006..0.013 rows=2 loops=61560)\n",
      "                                  Index Cond: (l_partkey = part.p_partkey)\n",
      "                      ->  Partial Aggregate  (cost=8.17..8.18 rows=1 width=32) (actual time=0.002..0.002 rows=1 loops=61560)\n",
      "                            ->  Index Scan using idx_l_partkey_4_6_1998_r on lineitem_m4_m6_y1998_r lineitem_162  (cost=0.14..8.16 rows=1 width=32) (actual time=0.001..0.001 rows=0 loops=61560)\n",
      "                                  Index Cond: (l_partkey = part.p_partkey)\n",
      "                      ->  Partial Aggregate  (cost=8.17..8.18 rows=1 width=32) (actual time=0.002..0.002 rows=1 loops=61560)\n",
      "                            ->  Index Scan using idx_l_partkey_7_9_1998_a on lineitem_m7_m9_y1998_a lineitem_163  (cost=0.14..8.16 rows=1 width=32) (actual time=0.001..0.001 rows=0 loops=61560)\n",
      "                                  Index Cond: (l_partkey = part.p_partkey)\n",
      "                      ->  Partial Aggregate  (cost=48.65..48.66 rows=1 width=32) (actual time=0.013..0.013 rows=1 loops=61560)\n",
      "                            ->  Index Scan using idx_l_partkey_7_9_1998_n on lineitem_m7_m9_y1998_n lineitem_164  (cost=0.43..48.62 rows=11 width=5) (actual time=0.006..0.012 rows=1 loops=61560)\n",
      "                                  Index Cond: (l_partkey = part.p_partkey)\n",
      "                      ->  Partial Aggregate  (cost=8.17..8.18 rows=1 width=32) (actual time=0.002..0.002 rows=1 loops=61560)\n",
      "                            ->  Index Scan using idx_l_partkey_7_9_1998_r on lineitem_m7_m9_y1998_r lineitem_165  (cost=0.14..8.16 rows=1 width=32) (actual time=0.001..0.001 rows=0 loops=61560)\n",
      "                                  Index Cond: (l_partkey = part.p_partkey)\n",
      "                      ->  Partial Aggregate  (cost=8.17..8.18 rows=1 width=32) (actual time=0.002..0.002 rows=1 loops=61560)\n",
      "                            ->  Index Scan using idx_l_partkey_10_12_1998_a on lineitem_m10_m12_y1998_a lineitem_166  (cost=0.14..8.16 rows=1 width=32) (actual time=0.001..0.001 rows=0 loops=61560)\n",
      "                                  Index Cond: (l_partkey = part.p_partkey)\n",
      "                      ->  Partial Aggregate  (cost=44.62..44.63 rows=1 width=32) (actual time=0.006..0.006 rows=1 loops=61560)\n",
      "                            ->  Index Scan using idx_l_partkey_10_12_1998_n on lineitem_m10_m12_y1998_n lineitem_167  (cost=0.42..44.60 rows=10 width=5) (actual time=0.003..0.005 rows=0 loops=61560)\n",
      "                                  Index Cond: (l_partkey = part.p_partkey)\n",
      "                      ->  Partial Aggregate  (cost=8.17..8.18 rows=1 width=32) (actual time=0.002..0.002 rows=1 loops=61560)\n",
      "                            ->  Index Scan using idx_l_partkey_10_12_1998_r on lineitem_m10_m12_y1998_r lineitem_168  (cost=0.14..8.16 rows=1 width=32) (actual time=0.001..0.001 rows=0 loops=61560)\n",
      "                                  Index Cond: (l_partkey = part.p_partkey)\n",
      "Planning Time: 10.212 ms\n",
      "Execution Time: 216768.917 ms\n"
     ]
    }
   ],
   "source": [
    "conn.rollback()\n",
    "with conn.cursor() as cur:\n",
    "        cur.execute(\"SET enable_seqscan = on;\")\n",
    "        cur.execute(\"SET enable_indexscan = on;\")\n",
    "        cur.execute(\"SET enable_bitmapscan = off;\")\n",
    "        cur.execute(\"SET enable_indexonlyscan = off;\")\n",
    "        cur.execute(\"SET enable_tidscan = off;\")\n",
    "        cur.execute(\"SET enable_material = off;\")\n",
    "        cur.execute(\"SET enable_nestloop = on;\")\n",
    "        cur.execute(\"SET enable_mergejoin = on;\")\n",
    "        cur.execute(\"SET enable_hashjoin = off;\")\n",
    "        cur.execute(\"SET enable_sort = on;\")\n",
    "        cur.execute(\"SET enable_partition_pruning = on;\")\n",
    "        cur.execute(\"SET enable_partitionwise_join = on;\")\n",
    "        cur.execute(\"SET enable_partitionwise_aggregate = on;\")\n",
    "        cur.execute(\"SET constraint_exclusion = on;\")\n",
    "        conn.commit()\n",
    "\n",
    "explain_analyze(query_17, analyze=True)"
   ]
  },
  {
   "cell_type": "code",
   "execution_count": 1,
   "metadata": {},
   "outputs": [
    {
     "ename": "NameError",
     "evalue": "name 'conn' is not defined",
     "output_type": "error",
     "traceback": [
      "\u001b[0;31m---------------------------------------------------------------------------\u001b[0m",
      "\u001b[0;31mNameError\u001b[0m                                 Traceback (most recent call last)",
      "Cell \u001b[0;32mIn[1], line 1\u001b[0m\n\u001b[0;32m----> 1\u001b[0m \u001b[43mconn\u001b[49m\u001b[38;5;241m.\u001b[39mclose()\n",
      "\u001b[0;31mNameError\u001b[0m: name 'conn' is not defined"
     ]
    }
   ],
   "source": [
    "conn.close()"
   ]
  }
 ],
 "metadata": {
  "kernelspec": {
   "display_name": "Python 3",
   "language": "python",
   "name": "python3"
  },
  "language_info": {
   "codemirror_mode": {
    "name": "ipython",
    "version": 3
   },
   "file_extension": ".py",
   "mimetype": "text/x-python",
   "name": "python",
   "nbconvert_exporter": "python",
   "pygments_lexer": "ipython3",
   "version": "3.10.12"
  }
 },
 "nbformat": 4,
 "nbformat_minor": 2
}
